Initialized native services in: E:\Data\Gradle\native
Initialized jansi services in: E:\Data\Gradle\native
The client will now receive all logging from the daemon (pid: 28376). The daemon log file: E:\Data\Gradle\daemon\9.2.1\daemon-28376.out.log
Starting 34th build in daemon [uptime: 4 hrs 36 mins 6.691 secs, performance: 99%, GC rate: 0.00/s, heap usage: 17% of 2 GiB]
Using 8 worker leases.
Operational build model parameters: {requiresToolingModels=false, parallelProjectExecution=false, configureOnDemand=false, configurationCache=false, configurationCacheParallelStore=false, configurationCacheParallelLoad=true, isolatedProjects=false, parallelProjectConfiguration=false, intermediateModelCache=false, parallelToolingApiActions=false, invalidateCoupledProjects=false, modelAsProjectDependency=false, resilientModelBuilding=false}
Now considering [C:\Users\WTS-PC\AndroidStudioProjects\NovaGrab] as hierarchies to watch
Watching the file system is configured to be enabled if available
File system watching is active
Starting Build
Resolved plugin [id: 'org.gradle.toolchains.foojay-resolver-convention', version: '1.0.0']
Settings evaluated using settings file 'C:\Users\WTS-PC\AndroidStudioProjects\NovaGrab\settings.gradle.kts'.
Projects loaded. Root project using build file 'C:\Users\WTS-PC\AndroidStudioProjects\NovaGrab\build.gradle.kts'.
Included projects: [root project 'NovaGrab', project ':app']

> Configure project :
Evaluating root project 'NovaGrab' using build file 'C:\Users\WTS-PC\AndroidStudioProjects\NovaGrab\build.gradle.kts'.
Resolved plugin [id: 'com.android.application', version: '9.0.1', apply: false]
Resolved plugin [id: 'org.jetbrains.kotlin.plugin.compose', version: '2.3.20', apply: false]
Resolved plugin [id: 'org.jetbrains.kotlin.plugin.serialization', version: '2.3.20', apply: false]
Resolved plugin [id: 'com.google.dagger.hilt.android', version: '2.59.2', apply: false]
Resolved plugin [id: 'com.google.devtools.ksp', version: '2.3.6', apply: false]
Resolved plugin [id: 'androidx.room', version: '2.8.4', apply: false]
Resolved plugin [id: 'androidx.baselineprofile', version: '1.4.1', apply: false]

> Configure project :app
Evaluating project ':app' using build file 'C:\Users\WTS-PC\AndroidStudioProjects\NovaGrab\app\build.gradle.kts'.
Resolved plugin [id: 'com.android.application', version: '9.0.1']
Resolved plugin [id: 'org.jetbrains.kotlin.plugin.compose', version: '2.3.20']
Resolved plugin [id: 'org.jetbrains.kotlin.plugin.serialization', version: '2.3.20']
Resolved plugin [id: 'com.google.dagger.hilt.android', version: '2.59.2']
Resolved plugin [id: 'com.google.devtools.ksp', version: '2.3.6']
Resolved plugin [id: 'androidx.room', version: '2.8.4']
Build 04670651-3551-42fc-8171-05a3b59338e0 is started
Using default execution profile
Detected Android Gradle Plugin compose compiler configuration
Detected Android Gradle Plugin compose compiler configuration
Detected Android Gradle Plugin compose compiler configuration
Detected Android Gradle Plugin compose compiler configuration
All projects evaluated.
Task path ':app:assembleDebug' matched project ':app'
Task name matched 'assembleDebug'
Selected primary task 'assembleDebug' from project :app
Adding -Xuse-inline-scopes-numbers Kotlin compiler flag for task :app:compileDebugKotlin
Tasks to be executed: [task ':app:preBuild', task ':app:preDebugBuild', task ':app:mergeDebugNativeDebugMetadata', task ':app:generateDebugBuildConfig', task ':app:generateDebugResources', task ':app:packageDebugResources', task ':app:processDebugNavigationResources', task ':app:parseDebugLocalResources', task ':app:generateDebugRFile', task ':app:kspDebugKotlin', task ':app:compileDebugKotlin', task ':app:javaPreCompileDebug', task ':app:compileDebugJavaWithJavac', task ':app:copyRoomSchemas', task ':app:generateDebugAssets', task ':app:mergeDebugAssets', task ':app:compressDebugAssets', task ':app:desugarDebugFileDependencies', task ':app:hiltSyncDebug', task ':app:hiltAggregateDepsDebug', task ':app:hiltJavaCompileDebug', task ':app:checkDebugAarMetadata', task ':app:compileDebugNavigationResources', task ':app:mapDebugSourceSetPaths', task ':app:mergeDebugResources', task ':app:createDebugCompatibleScreenManifests', task ':app:extractDeepLinksDebug', task ':app:processDebugMainManifest', task ':app:processDebugManifest', task ':app:processDebugManifestForPackage', task ':app:processDebugResources', task ':app:transformDebugClassesWithAsm', task ':app:dexBuilderDebug', task ':app:mergeDebugGlobalSynthetics', task ':app:processDebugJavaRes', task ':app:mergeDebugJavaResource', task ':app:checkDebugDuplicateClasses', task ':app:mergeExtDexDebug', task ':app:mergeLibDexDebug', task ':app:mergeProjectDexDebug', task ':app:mergeDebugJniLibFolders', task ':app:mergeDebugNativeLibs', task ':app:stripDebugDebugSymbols', task ':app:validateSigningDebug', task ':app:writeDebugAppMetadata', task ':app:writeDebugSigningConfigVersions', task ':app:packageDebug', task ':app:createDebugApkListingFileRedirect', task ':app:assembleDebug']
Tasks that were excluded: []
Resolve mutations for :app:preBuild (Thread[#2387,included builds,5,main]) started.
:app:preBuild (Thread[#2387,included builds,5,main]) started.

> Task :app:preBuild UP-TO-DATE
Skipping task ':app:preBuild' as it has no actions.
Resolve mutations for :app:preDebugBuild (Thread[#2387,included builds,5,main]) started.
:app:preDebugBuild (Thread[#2387,included builds,5,main]) started.

> Task :app:preDebugBuild UP-TO-DATE
Skipping task ':app:preDebugBuild' as it has no actions.
Resolve mutations for :app:mergeDebugNativeDebugMetadata (Thread[#2387,included builds,5,main]) started.
:app:mergeDebugNativeDebugMetadata (Thread[#2387,included builds,5,main]) started.

> Task :app:mergeDebugNativeDebugMetadata NO-SOURCE
Skipping task ':app:mergeDebugNativeDebugMetadata' as it has no source files and no previous output files.
Resolve mutations for :app:generateDebugBuildConfig (Thread[#2387,included builds,5,main]) started.
:app:generateDebugBuildConfig (Thread[#2387,included builds,5,main]) started.

> Task :app:generateDebugBuildConfig UP-TO-DATE
Caching disabled for task ':app:generateDebugBuildConfig' because:
  Build cache is disabled
Skipping task ':app:generateDebugBuildConfig' as it is up-to-date.
Resolve mutations for :app:generateDebugResources (Thread[#2387,included builds,5,main]) started.
:app:generateDebugResources (Thread[#2387,included builds,5,main]) started.

> Task :app:generateDebugResources UP-TO-DATE
Caching disabled for task ':app:generateDebugResources' because:
  Build cache is disabled
Skipping task ':app:generateDebugResources' as it is up-to-date.
Resolve mutations for :app:packageDebugResources (Thread[#2387,included builds,5,main]) started.
:app:packageDebugResources (Thread[#2387,included builds,5,main]) started.

> Task :app:packageDebugResources UP-TO-DATE
Caching disabled for task ':app:packageDebugResources' because:
  Build cache is disabled
Skipping task ':app:packageDebugResources' as it is up-to-date.
Resolve mutations for :app:processDebugNavigationResources (Thread[#2387,included builds,5,main]) started.
:app:processDebugNavigationResources (Thread[#2387,included builds,5,main]) started.

> Task :app:processDebugNavigationResources UP-TO-DATE
Caching disabled for task ':app:processDebugNavigationResources' because:
  Build cache is disabled
Skipping task ':app:processDebugNavigationResources' as it is up-to-date.
Resolve mutations for :app:parseDebugLocalResources (Thread[#2387,included builds,5,main]) started.
:app:parseDebugLocalResources (Thread[#2387,included builds,5,main]) started.

> Task :app:parseDebugLocalResources UP-TO-DATE
Caching disabled for task ':app:parseDebugLocalResources' because:
  Build cache is disabled
Skipping task ':app:parseDebugLocalResources' as it is up-to-date.
Resolve mutations for :app:generateDebugRFile (Thread[#2387,included builds,5,main]) started.
:app:generateDebugRFile (Thread[#2387,included builds,5,main]) started.

> Task :app:generateDebugRFile UP-TO-DATE
Caching disabled for task ':app:generateDebugRFile' because:
  Build cache is disabled
Skipping task ':app:generateDebugRFile' as it is up-to-date.
Resolve mutations for :app:kspDebugKotlin (Thread[#2387,included builds,5,main]) started.
:app:kspDebugKotlin (Thread[#2387,included builds,5,main]) started.
Resolve mutations for :app:javaPreCompileDebug (Thread[#2389,Execution worker Thread 2,5,main]) started.
:app:javaPreCompileDebug (Thread[#2389,Execution worker Thread 2,5,main]) started.

> Task :app:javaPreCompileDebug UP-TO-DATE
Caching disabled for task ':app:javaPreCompileDebug' because:
  Build cache is disabled
Skipping task ':app:javaPreCompileDebug' as it is up-to-date.
Resolve mutations for :app:generateDebugAssets (Thread[#2389,Execution worker Thread 2,5,main]) started.
:app:generateDebugAssets (Thread[#2389,Execution worker Thread 2,5,main]) started.

> Task :app:generateDebugAssets UP-TO-DATE
Skipping task ':app:generateDebugAssets' as it has no actions.
Resolve mutations for :app:mergeDebugAssets (Thread[#2389,Execution worker Thread 2,5,main]) started.
:app:mergeDebugAssets (Thread[#2389,Execution worker Thread 2,5,main]) started.

> Task :app:mergeDebugAssets UP-TO-DATE
Caching disabled for task ':app:mergeDebugAssets' because:
  Build cache is disabled
  Simple merging task
Skipping task ':app:mergeDebugAssets' as it is up-to-date.
Resolve mutations for :app:compressDebugAssets (Thread[#2389,Execution worker Thread 2,5,main]) started.
:app:compressDebugAssets (Thread[#2389,Execution worker Thread 2,5,main]) started.

> Task :app:compressDebugAssets UP-TO-DATE
Caching disabled for task ':app:compressDebugAssets' because:
  Build cache is disabled
Skipping task ':app:compressDebugAssets' as it is up-to-date.
Resolve mutations for :app:desugarDebugFileDependencies (Thread[#2389,Execution worker Thread 2,5,main]) started.
:app:desugarDebugFileDependencies (Thread[#2389,Execution worker Thread 2,5,main]) started.

> Task :app:desugarDebugFileDependencies UP-TO-DATE
Caching disabled for task ':app:desugarDebugFileDependencies' because:
  Build cache is disabled
Skipping task ':app:desugarDebugFileDependencies' as it is up-to-date.
Resolve mutations for :app:checkDebugAarMetadata (Thread[#2389,Execution worker Thread 2,5,main]) started.
:app:checkDebugAarMetadata (Thread[#2389,Execution worker Thread 2,5,main]) started.

> Task :app:checkDebugAarMetadata UP-TO-DATE
Caching disabled for task ':app:checkDebugAarMetadata' because:
  Build cache is disabled
  Caching has been disabled for the task
Skipping task ':app:checkDebugAarMetadata' as it is up-to-date.
Resolve mutations for :app:compileDebugNavigationResources (Thread[#2389,Execution worker Thread 2,5,main]) started.
:app:compileDebugNavigationResources (Thread[#2389,Execution worker Thread 2,5,main]) started.

> Task :app:compileDebugNavigationResources UP-TO-DATE
Caching disabled for task ':app:compileDebugNavigationResources' because:
  Build cache is disabled
Skipping task ':app:compileDebugNavigationResources' as it is up-to-date.
Resolve mutations for :app:mapDebugSourceSetPaths (Thread[#2389,Execution worker Thread 2,5,main]) started.
:app:mapDebugSourceSetPaths (Thread[#2389,Execution worker Thread 2,5,main]) started.

> Task :app:mapDebugSourceSetPaths UP-TO-DATE
Caching disabled for task ':app:mapDebugSourceSetPaths' because:
  Build cache is disabled
  Caching has been disabled for the task
Skipping task ':app:mapDebugSourceSetPaths' as it is up-to-date.
Resolve mutations for :app:mergeDebugResources (Thread[#2389,Execution worker Thread 2,5,main]) started.
:app:mergeDebugResources (Thread[#2389,Execution worker Thread 2,5,main]) started.

> Task :app:mergeDebugResources UP-TO-DATE
Caching disabled for task ':app:mergeDebugResources' because:
  Build cache is disabled
Skipping task ':app:mergeDebugResources' as it is up-to-date.
Resolve mutations for :app:createDebugCompatibleScreenManifests (Thread[#2389,Execution worker Thread 2,5,main]) started.
:app:createDebugCompatibleScreenManifests (Thread[#2389,Execution worker Thread 2,5,main]) started.

> Task :app:createDebugCompatibleScreenManifests UP-TO-DATE
Caching disabled for task ':app:createDebugCompatibleScreenManifests' because:
  Build cache is disabled
  Caching has been disabled for the task
Skipping task ':app:createDebugCompatibleScreenManifests' as it is up-to-date.
Resolve mutations for :app:extractDeepLinksDebug (Thread[#2389,Execution worker Thread 2,5,main]) started.
:app:extractDeepLinksDebug (Thread[#2389,Execution worker Thread 2,5,main]) started.

> Task :app:extractDeepLinksDebug UP-TO-DATE
Caching disabled for task ':app:extractDeepLinksDebug' because:
  Build cache is disabled
Skipping task ':app:extractDeepLinksDebug' as it is up-to-date.
Resolve mutations for :app:processDebugMainManifest (Thread[#2389,Execution worker Thread 2,5,main]) started.
:app:processDebugMainManifest (Thread[#2389,Execution worker Thread 2,5,main]) started.

> Task :app:processDebugMainManifest UP-TO-DATE
Caching disabled for task ':app:processDebugMainManifest' because:
  Build cache is disabled
Skipping task ':app:processDebugMainManifest' as it is up-to-date.
Resolve mutations for :app:processDebugManifest (Thread[#2389,Execution worker Thread 2,5,main]) started.
:app:processDebugManifest (Thread[#2389,Execution worker Thread 2,5,main]) started.

> Task :app:processDebugManifest UP-TO-DATE
Caching disabled for task ':app:processDebugManifest' because:
  Build cache is disabled
Skipping task ':app:processDebugManifest' as it is up-to-date.
Resolve mutations for :app:processDebugManifestForPackage (Thread[#2389,Execution worker Thread 2,5,main]) started.
:app:processDebugManifestForPackage (Thread[#2389,Execution worker Thread 2,5,main]) started.

> Task :app:processDebugManifestForPackage UP-TO-DATE
Custom actions are attached to task ':app:processDebugManifestForPackage'.
Caching disabled for task ':app:processDebugManifestForPackage' because:
  Build cache is disabled
Skipping task ':app:processDebugManifestForPackage' as it is up-to-date.
Resolve mutations for :app:processDebugResources (Thread[#2389,Execution worker Thread 2,5,main]) started.
:app:processDebugResources (Thread[#2389,Execution worker Thread 2,5,main]) started.

> Task :app:processDebugResources UP-TO-DATE
Caching disabled for task ':app:processDebugResources' because:
  Build cache is disabled
Skipping task ':app:processDebugResources' as it is up-to-date.
Resolve mutations for :app:checkDebugDuplicateClasses (Thread[#2389,Execution worker Thread 2,5,main]) started.
:app:checkDebugDuplicateClasses (Thread[#2389,Execution worker Thread 2,5,main]) started.

> Task :app:checkDebugDuplicateClasses UP-TO-DATE
Caching disabled for task ':app:checkDebugDuplicateClasses' because:
  Build cache is disabled
  Caching has been disabled for the task
Skipping task ':app:checkDebugDuplicateClasses' as it is up-to-date.
Resolve mutations for :app:mergeExtDexDebug (Thread[#2389,Execution worker Thread 2,5,main]) started.
:app:mergeExtDexDebug (Thread[#2389,Execution worker Thread 2,5,main]) started.

> Task :app:mergeExtDexDebug UP-TO-DATE
Caching disabled for task ':app:mergeExtDexDebug' because:
  Build cache is disabled
Skipping task ':app:mergeExtDexDebug' as it is up-to-date.
Resolve mutations for :app:mergeLibDexDebug (Thread[#2389,Execution worker Thread 2,5,main]) started.
:app:mergeLibDexDebug (Thread[#2389,Execution worker Thread 2,5,main]) started.

> Task :app:mergeLibDexDebug UP-TO-DATE
Caching disabled for task ':app:mergeLibDexDebug' because:
  Build cache is disabled
Skipping task ':app:mergeLibDexDebug' as it is up-to-date.
Resolve mutations for :app:mergeDebugJniLibFolders (Thread[#2389,Execution worker Thread 2,5,main]) started.
:app:mergeDebugJniLibFolders (Thread[#2389,Execution worker Thread 2,5,main]) started.

> Task :app:mergeDebugJniLibFolders UP-TO-DATE
Caching disabled for task ':app:mergeDebugJniLibFolders' because:
  Build cache is disabled
  Simple merging task
Skipping task ':app:mergeDebugJniLibFolders' as it is up-to-date.
Resolve mutations for :app:mergeDebugNativeLibs (Thread[#2389,Execution worker Thread 2,5,main]) started.
:app:mergeDebugNativeLibs (Thread[#2389,Execution worker Thread 2,5,main]) started.

> Task :app:mergeDebugNativeLibs UP-TO-DATE
Caching disabled for task ':app:mergeDebugNativeLibs' because:
  Build cache is disabled
  Caching has been disabled for the task
Skipping task ':app:mergeDebugNativeLibs' as it is up-to-date.
Resolve mutations for :app:stripDebugDebugSymbols (Thread[#2389,Execution worker Thread 2,5,main]) started.
:app:stripDebugDebugSymbols (Thread[#2389,Execution worker Thread 2,5,main]) started.

> Task :app:stripDebugDebugSymbols UP-TO-DATE
Caching disabled for task ':app:stripDebugDebugSymbols' because:
  Build cache is disabled
  Caching has been disabled for the task
Skipping task ':app:stripDebugDebugSymbols' as it is up-to-date.
Resolve mutations for :app:validateSigningDebug (Thread[#2389,Execution worker Thread 2,5,main]) started.
:app:validateSigningDebug (Thread[#2390,Execution worker Thread 3,5,main]) started.

> Task :app:validateSigningDebug UP-TO-DATE
Caching disabled for task ':app:validateSigningDebug' because:
  Build cache is disabled
  Caching has been disabled for the task
Skipping task ':app:validateSigningDebug' as it is up-to-date.
Resolve mutations for :app:writeDebugAppMetadata (Thread[#2390,Execution worker Thread 3,5,main]) started.
:app:writeDebugAppMetadata (Thread[#2390,Execution worker Thread 3,5,main]) started.

> Task :app:writeDebugAppMetadata UP-TO-DATE
Caching disabled for task ':app:writeDebugAppMetadata' because:
  Build cache is disabled
  Caching has been disabled for the task
Skipping task ':app:writeDebugAppMetadata' as it is up-to-date.
Resolve mutations for :app:writeDebugSigningConfigVersions (Thread[#2390,Execution worker Thread 3,5,main]) started.
:app:writeDebugSigningConfigVersions (Thread[#2390,Execution worker Thread 3,5,main]) started.

> Task :app:writeDebugSigningConfigVersions UP-TO-DATE
Caching disabled for task ':app:writeDebugSigningConfigVersions' because:
  Build cache is disabled
  Caching has been disabled for the task
Skipping task ':app:writeDebugSigningConfigVersions' as it is up-to-date.

> Task :app:kspDebugKotlin
Caching disabled for task ':app:kspDebugKotlin' because:
  Build cache is disabled
Task ':app:kspDebugKotlin' is not up-to-date because:
  Value of input property 'kspConfig.logLevel' has changed for task ':app:kspDebugKotlin'
The input changes require a full rebuild for incremental task ':app:kspDebugKotlin'.
i: [ksp] loaded provider(s): [dagger.hilt.processor.internal.uninstallmodules.KspUninstallModulesProcessor$Provider, dagger.hilt.android.processor.internal.viewmodel.KspViewModelProcessor$Provider, dagger.hilt.processor.internal.earlyentrypoint.KspEarlyEntryPointProcessor$Provider, dagger.hilt.android.processor.internal.androidentrypoint.KspAndroidEntryPointProcessor$Provider, dagger.hilt.processor.internal.definecomponent.KspDefineComponentProcessor$Provider, dagger.hilt.processor.internal.originatingelement.KspOriginatingElementProcessor$Provider, dagger.hilt.android.processor.internal.bindvalue.KspBindValueProcessor$Provider, dagger.hilt.processor.internal.root.KspComponentTreeDepsProcessor$Provider, dagger.hilt.processor.internal.root.KspRootProcessor$Provider, dagger.hilt.processor.internal.aliasof.KspAliasOfProcessor$Provider, dagger.hilt.processor.internal.aggregateddeps.KspAggregatedDepsProcessor$Provider, dagger.hilt.processor.internal.generatesrootinput.KspGeneratesRootInputProcessor$Provider, dagger.hilt.android.processor.internal.customtestapplication.KspCustomTestApplicationProcessor$Provider, androidx.hilt.AndroidXHiltKspProcessor$Provider, androidx.room.RoomKspProcessor$Provider, dagger.internal.codegen.KspComponentProcessor$Provider]
Resolve mutations for :app:compileDebugKotlin (Thread[#2387,included builds,5,main]) started.
:app:compileDebugKotlin (Thread[#2387,included builds,5,main]) started.

> Task :app:compileDebugKotlin
file or directory 'C:\Users\WTS-PC\AndroidStudioProjects\NovaGrab\app\src\main\kotlin', not found
file or directory 'C:\Users\WTS-PC\AndroidStudioProjects\NovaGrab\app\src\debug\java', not found
file or directory 'C:\Users\WTS-PC\AndroidStudioProjects\NovaGrab\app\src\debug\kotlin', not found
file or directory 'C:\Users\WTS-PC\AndroidStudioProjects\NovaGrab\app\src\debug\java', not found
file or directory 'C:\Users\WTS-PC\AndroidStudioProjects\NovaGrab\app\src\main\kotlin', not found
file or directory 'C:\Users\WTS-PC\AndroidStudioProjects\NovaGrab\app\src\debug\java', not found
file or directory 'C:\Users\WTS-PC\AndroidStudioProjects\NovaGrab\app\src\debug\kotlin', not found
file or directory 'C:\Users\WTS-PC\AndroidStudioProjects\NovaGrab\app\src\debug\java', not found
file or directory 'C:\Users\WTS-PC\AndroidStudioProjects\NovaGrab\app\src\main\kotlin', not found
file or directory 'C:\Users\WTS-PC\AndroidStudioProjects\NovaGrab\app\src\debug\java', not found
file or directory 'C:\Users\WTS-PC\AndroidStudioProjects\NovaGrab\app\src\debug\kotlin', not found
file or directory 'C:\Users\WTS-PC\AndroidStudioProjects\NovaGrab\app\src\debug\java', not found
Custom actions are attached to task ':app:compileDebugKotlin'.
Caching disabled for task ':app:compileDebugKotlin' because:
  Build cache is disabled
Task ':app:compileDebugKotlin' is not up-to-date because:
  Task has failed previously.
The input changes require a full rebuild for incremental task ':app:compileDebugKotlin'.
file or directory 'C:\Users\WTS-PC\AndroidStudioProjects\NovaGrab\app\src\main\kotlin', not found
file or directory 'C:\Users\WTS-PC\AndroidStudioProjects\NovaGrab\app\src\main\kotlin', not found
file or directory 'C:\Users\WTS-PC\AndroidStudioProjects\NovaGrab\app\src\debug\java', not found
file or directory 'C:\Users\WTS-PC\AndroidStudioProjects\NovaGrab\app\src\debug\java', not found
file or directory 'C:\Users\WTS-PC\AndroidStudioProjects\NovaGrab\app\src\debug\kotlin', not found
file or directory 'C:\Users\WTS-PC\AndroidStudioProjects\NovaGrab\app\src\debug\kotlin', not found
file or directory 'C:\Users\WTS-PC\AndroidStudioProjects\NovaGrab\app\src\debug\java', not found
file or directory 'C:\Users\WTS-PC\AndroidStudioProjects\NovaGrab\app\src\debug\java', not found
file or directory 'C:\Users\WTS-PC\AndroidStudioProjects\NovaGrab\app\src\main\kotlin', not found
file or directory 'C:\Users\WTS-PC\AndroidStudioProjects\NovaGrab\app\src\debug\java', not found
file or directory 'C:\Users\WTS-PC\AndroidStudioProjects\NovaGrab\app\src\debug\kotlin', not found
file or directory 'C:\Users\WTS-PC\AndroidStudioProjects\NovaGrab\app\src\debug\java', not found
file or directory 'C:\Users\WTS-PC\AndroidStudioProjects\NovaGrab\app\src\main\kotlin', not found
file or directory 'C:\Users\WTS-PC\AndroidStudioProjects\NovaGrab\app\src\main\kotlin', not found
file or directory 'C:\Users\WTS-PC\AndroidStudioProjects\NovaGrab\app\src\debug\java', not found
file or directory 'C:\Users\WTS-PC\AndroidStudioProjects\NovaGrab\app\src\debug\java', not found
file or directory 'C:\Users\WTS-PC\AndroidStudioProjects\NovaGrab\app\src\debug\kotlin', not found
file or directory 'C:\Users\WTS-PC\AndroidStudioProjects\NovaGrab\app\src\debug\kotlin', not found
file or directory 'C:\Users\WTS-PC\AndroidStudioProjects\NovaGrab\app\src\debug\java', not found
file or directory 'C:\Users\WTS-PC\AndroidStudioProjects\NovaGrab\app\src\debug\java', not found
file or directory 'C:\Users\WTS-PC\AndroidStudioProjects\NovaGrab\app\src\main\kotlin', not found
file or directory 'C:\Users\WTS-PC\AndroidStudioProjects\NovaGrab\app\src\main\kotlin', not found
file or directory 'C:\Users\WTS-PC\AndroidStudioProjects\NovaGrab\app\src\debug\java', not found
file or directory 'C:\Users\WTS-PC\AndroidStudioProjects\NovaGrab\app\src\debug\java', not found
file or directory 'C:\Users\WTS-PC\AndroidStudioProjects\NovaGrab\app\src\debug\kotlin', not found
file or directory 'C:\Users\WTS-PC\AndroidStudioProjects\NovaGrab\app\src\debug\kotlin', not found
file or directory 'C:\Users\WTS-PC\AndroidStudioProjects\NovaGrab\app\src\debug\java', not found
file or directory 'C:\Users\WTS-PC\AndroidStudioProjects\NovaGrab\app\src\debug\java', not found
file or directory 'C:\Users\WTS-PC\AndroidStudioProjects\NovaGrab\app\src\main\kotlin', not found
file or directory 'C:\Users\WTS-PC\AndroidStudioProjects\NovaGrab\app\src\main\kotlin', not found
file or directory 'C:\Users\WTS-PC\AndroidStudioProjects\NovaGrab\app\src\debug\java', not found
file or directory 'C:\Users\WTS-PC\AndroidStudioProjects\NovaGrab\app\src\debug\java', not found
file or directory 'C:\Users\WTS-PC\AndroidStudioProjects\NovaGrab\app\src\debug\kotlin', not found
file or directory 'C:\Users\WTS-PC\AndroidStudioProjects\NovaGrab\app\src\debug\kotlin', not found
file or directory 'C:\Users\WTS-PC\AndroidStudioProjects\NovaGrab\app\src\debug\java', not found
file or directory 'C:\Users\WTS-PC\AndroidStudioProjects\NovaGrab\app\src\debug\java', not found
Kotlin source files: C:\Users\WTS-PC\AndroidStudioProjects\NovaGrab\app\src\main\java\com\aeliavision\novagrab\App.kt, C:\Users\WTS-PC\AndroidStudioProjects\NovaGrab\app\src\main\java\com\aeliavision\novagrab\core\common\MviViewModel.kt, C:\Users\WTS-PC\AndroidStudioProjects\NovaGrab\app\src\main\java\com\aeliavision\novagrab\core\database\AppDatabase.kt, C:\Users\WTS-PC\AndroidStudioProjects\NovaGrab\app\src\main\java\com\aeliavision\novagrab\core\database\converters\DateConverter.kt, C:\Users\WTS-PC\AndroidStudioProjects\NovaGrab\app\src\main\java\com\aeliavision\novagrab\core\database\converters\DownloadStatusConverter.kt, C:\Users\WTS-PC\AndroidStudioProjects\NovaGrab\app\src\main\java\com\aeliavision\novagrab\core\database\converters\ListConverter.kt, C:\Users\WTS-PC\AndroidStudioProjects\NovaGrab\app\src\main\java\com\aeliavision\novagrab\core\database\converters\MapConverter.kt, C:\Users\WTS-PC\AndroidStudioProjects\NovaGrab\app\src\main\java\com\aeliavision\novagrab\core\database\converters\VideoFormatConverter.kt, C:\Users\WTS-PC\AndroidStudioProjects\NovaGrab\app\src\main\java\com\aeliavision\novagrab\core\database\DatabaseMigrations.kt, C:\Users\WTS-PC\AndroidStudioProjects\NovaGrab\app\src\main\java\com\aeliavision\novagrab\core\di\AppModule.kt, C:\Users\WTS-PC\AndroidStudioProjects\NovaGrab\app\src\main\java\com\aeliavision\novagrab\core\di\DatabaseModule.kt, C:\Users\WTS-PC\AndroidStudioProjects\NovaGrab\app\src\main\java\com\aeliavision\novagrab\core\di\DownloadModule.kt, C:\Users\WTS-PC\AndroidStudioProjects\NovaGrab\app\src\main\java\com\aeliavision\novagrab\core\di\NetworkModule.kt, C:\Users\WTS-PC\AndroidStudioProjects\NovaGrab\app\src\main\java\com\aeliavision\novagrab\core\di\StorageModule.kt, C:\Users\WTS-PC\AndroidStudioProjects\NovaGrab\app\src\main\java\com\aeliavision\novagrab\core\network\NetworkMonitor.kt, C:\Users\WTS-PC\AndroidStudioProjects\NovaGrab\app\src\main\java\com\aeliavision\novagrab\core\network\OkHttpProvider.kt, C:\Users\WTS-PC\AndroidStudioProjects\NovaGrab\app\src\main\java\com\aeliavision\novagrab\core\network\RangeRequestInterceptor.kt, C:\Users\WTS-PC\AndroidStudioProjects\NovaGrab\app\src\main\java\com\aeliavision\novagrab\core\network\UserAgentInterceptor.kt, C:\Users\WTS-PC\AndroidStudioProjects\NovaGrab\app\src\main\java\com\aeliavision\novagrab\core\preferences\AppPreferences.kt, C:\Users\WTS-PC\AndroidStudioProjects\NovaGrab\app\src\main\java\com\aeliavision\novagrab\core\preferences\PreferenceKeys.kt, C:\Users\WTS-PC\AndroidStudioProjects\NovaGrab\app\src\main\java\com\aeliavision\novagrab\core\storage\FileUtils.kt, C:\Users\WTS-PC\AndroidStudioProjects\NovaGrab\app\src\main\java\com\aeliavision\novagrab\core\storage\MediaStoreHelper.kt, C:\Users\WTS-PC\AndroidStudioProjects\NovaGrab\app\src\main\java\com\aeliavision\novagrab\core\storage\StorageManager.kt, C:\Users\WTS-PC\AndroidStudioProjects\NovaGrab\app\src\main\java\com\aeliavision\novagrab\core\ui\navigation\AppNavHost.kt, C:\Users\WTS-PC\AndroidStudioProjects\NovaGrab\app\src\main\java\com\aeliavision\novagrab\core\ui\navigation\NavGraph.kt, C:\Users\WTS-PC\AndroidStudioProjects\NovaGrab\app\src\main\java\com\aeliavision\novagrab\core\ui\navigation\NavRoutes.kt, C:\Users\WTS-PC\AndroidStudioProjects\NovaGrab\app\src\main\java\com\aeliavision\novagrab\feature\browser\data\dao\BookmarkDao.kt, C:\Users\WTS-PC\AndroidStudioProjects\NovaGrab\app\src\main\java\com\aeliavision\novagrab\feature\browser\data\dao\BrowserHistoryDao.kt, C:\Users\WTS-PC\AndroidStudioProjects\NovaGrab\app\src\main\java\com\aeliavision\novagrab\feature\browser\data\entity\BookmarkEntity.kt, C:\Users\WTS-PC\AndroidStudioProjects\NovaGrab\app\src\main\java\com\aeliavision\novagrab\feature\browser\data\entity\BrowserHistoryEntity.kt, C:\Users\WTS-PC\AndroidStudioProjects\NovaGrab\app\src\main\java\com\aeliavision\novagrab\feature\browser\presentation\BrowserEffect.kt, C:\Users\WTS-PC\AndroidStudioProjects\NovaGrab\app\src\main\java\com\aeliavision\novagrab\feature\browser\presentation\BrowserIntent.kt, C:\Users\WTS-PC\AndroidStudioProjects\NovaGrab\app\src\main\java\com\aeliavision\novagrab\feature\browser\presentation\BrowserState.kt, C:\Users\WTS-PC\AndroidStudioProjects\NovaGrab\app\src\main\java\com\aeliavision\novagrab\feature\browser\presentation\BrowserViewModel.kt, C:\Users\WTS-PC\AndroidStudioProjects\NovaGrab\app\src\main\java\com\aeliavision\novagrab\feature\browser\presentation\components\AddressBar.kt, C:\Users\WTS-PC\AndroidStudioProjects\NovaGrab\app\src\main\java\com\aeliavision\novagrab\feature\browser\presentation\components\BrowserWebView.kt, C:\Users\WTS-PC\AndroidStudioProjects\NovaGrab\app\src\main\java\com\aeliavision\novagrab\feature\browser\presentation\screen\BrowserScreen.kt, C:\Users\WTS-PC\AndroidStudioProjects\NovaGrab\app\src\main\java\com\aeliavision\novagrab\feature\browser\presentation\webview\JsBridge.kt, C:\Users\WTS-PC\AndroidStudioProjects\NovaGrab\app\src\main\java\com\aeliavision\novagrab\feature\browser\presentation\webview\JsInjector.kt, C:\Users\WTS-PC\AndroidStudioProjects\NovaGrab\app\src\main\java\com\aeliavision\novagrab\feature\browser\presentation\webview\SmartUserAgent.kt, C:\Users\WTS-PC\AndroidStudioProjects\NovaGrab\app\src\main\java\com\aeliavision\novagrab\feature\browser\presentation\webview\SmartWebChromeClient.kt, C:\Users\WTS-PC\AndroidStudioProjects\NovaGrab\app\src\main\java\com\aeliavision\novagrab\feature\browser\presentation\webview\SmartWebViewClient.kt, C:\Users\WTS-PC\AndroidStudioProjects\NovaGrab\app\src\main\java\com\aeliavision\novagrab\feature\browser\presentation\webview\WebViewPool.kt, C:\Users\WTS-PC\AndroidStudioProjects\NovaGrab\app\src\main\java\com\aeliavision\novagrab\feature\detection\data\dao\DetectedVideoDao.kt, C:\Users\WTS-PC\AndroidStudioProjects\NovaGrab\app\src\main\java\com\aeliavision\novagrab\feature\detection\data\entity\DetectedVideoEntity.kt, C:\Users\WTS-PC\AndroidStudioProjects\NovaGrab\app\src\main\java\com\aeliavision\novagrab\feature\detection\domain\model\DetectedVideo.kt, C:\Users\WTS-PC\AndroidStudioProjects\NovaGrab\app\src\main\java\com\aeliavision\novagrab\feature\detection\domain\model\VideoFormat.kt, C:\Users\WTS-PC\AndroidStudioProjects\NovaGrab\app\src\main\java\com\aeliavision\novagrab\feature\detection\engine\BlobUrlResolver.kt, C:\Users\WTS-PC\AndroidStudioProjects\NovaGrab\app\src\main\java\com\aeliavision\novagrab\feature\detection\engine\DetectionEngine.kt, C:\Users\WTS-PC\AndroidStudioProjects\NovaGrab\app\src\main\java\com\aeliavision\novagrab\feature\detection\engine\DetectionSource.kt, C:\Users\WTS-PC\AndroidStudioProjects\NovaGrab\app\src\main\java\com\aeliavision\novagrab\feature\detection\engine\HlsManifestDetector.kt, C:\Users\WTS-PC\AndroidStudioProjects\NovaGrab\app\src\main\java\com\aeliavision\novagrab\feature\detection\engine\JsInjectionDetector.kt, C:\Users\WTS-PC\AndroidStudioProjects\NovaGrab\app\src\main\java\com\aeliavision\novagrab\feature\detection\engine\NetworkInterceptorDetector.kt, C:\Users\WTS-PC\AndroidStudioProjects\NovaGrab\app\src\main\java\com\aeliavision\novagrab\feature\detection\engine\VideoDetectionEvent.kt, C:\Users\WTS-PC\AndroidStudioProjects\NovaGrab\app\src\main\java\com\aeliavision\novagrab\feature\detection\engine\VideoUrlFilter.kt, C:\Users\WTS-PC\AndroidStudioProjects\NovaGrab\app\src\main\java\com\aeliavision\novagrab\feature\detection\presentation\components\DetectedVideoSheet.kt, C:\Users\WTS-PC\AndroidStudioProjects\NovaGrab\app\src\main\java\com\aeliavision\novagrab\feature\detection\presentation\components\VideoListItem.kt, C:\Users\WTS-PC\AndroidStudioProjects\NovaGrab\app\src\main\java\com\aeliavision\novagrab\feature\detection\presentation\DetectionEffect.kt, C:\Users\WTS-PC\AndroidStudioProjects\NovaGrab\app\src\main\java\com\aeliavision\novagrab\feature\detection\presentation\DetectionIntent.kt, C:\Users\WTS-PC\AndroidStudioProjects\NovaGrab\app\src\main\java\com\aeliavision\novagrab\feature\detection\presentation\DetectionState.kt, C:\Users\WTS-PC\AndroidStudioProjects\NovaGrab\app\src\main\java\com\aeliavision\novagrab\feature\detection\presentation\DetectionViewModel.kt, C:\Users\WTS-PC\AndroidStudioProjects\NovaGrab\app\src\main\java\com\aeliavision\novagrab\feature\downloader\data\dao\DownloadTaskDao.kt, C:\Users\WTS-PC\AndroidStudioProjects\NovaGrab\app\src\main\java\com\aeliavision\novagrab\feature\downloader\data\entity\DownloadTaskEntity.kt, C:\Users\WTS-PC\AndroidStudioProjects\NovaGrab\app\src\main\java\com\aeliavision\novagrab\feature\downloader\di\DownloaderModule.kt, C:\Users\WTS-PC\AndroidStudioProjects\NovaGrab\app\src\main\java\com\aeliavision\novagrab\feature\downloader\domain\model\DownloadCheckpoint.kt, C:\Users\WTS-PC\AndroidStudioProjects\NovaGrab\app\src\main\java\com\aeliavision\novagrab\feature\downloader\domain\model\DownloadProgress.kt, C:\Users\WTS-PC\AndroidStudioProjects\NovaGrab\app\src\main\java\com\aeliavision\novagrab\feature\downloader\domain\model\DownloadStatus.kt, C:\Users\WTS-PC\AndroidStudioProjects\NovaGrab\app\src\main\java\com\aeliavision\novagrab\feature\downloader\domain\model\DownloadTask.kt, C:\Users\WTS-PC\AndroidStudioProjects\NovaGrab\app\src\main\java\com\aeliavision\novagrab\feature\downloader\domain\model\VideoQuality.kt, C:\Users\WTS-PC\AndroidStudioProjects\NovaGrab\app\src\main\java\com\aeliavision\novagrab\feature\downloader\domain\usecase\EnqueueDownloadUseCase.kt, C:\Users\WTS-PC\AndroidStudioProjects\NovaGrab\app\src\main\java\com\aeliavision\novagrab\feature\downloader\engine\CheckpointManager.kt, C:\Users\WTS-PC\AndroidStudioProjects\NovaGrab\app\src\main\java\com\aeliavision\novagrab\feature\downloader\engine\DownloadEngine.kt, C:\Users\WTS-PC\AndroidStudioProjects\NovaGrab\app\src\main\java\com\aeliavision\novagrab\feature\downloader\engine\DownloadQueueManager.kt, C:\Users\WTS-PC\AndroidStudioProjects\NovaGrab\app\src\main\java\com\aeliavision\novagrab\feature\downloader\engine\HlsDownloader.kt, C:\Users\WTS-PC\AndroidStudioProjects\NovaGrab\app\src\main\java\com\aeliavision\novagrab\feature\downloader\engine\HlsManifestParser.kt, C:\Users\WTS-PC\AndroidStudioProjects\NovaGrab\app\src\main\java\com\aeliavision\novagrab\feature\downloader\engine\HlsMergeWorker.kt, C:\Users\WTS-PC\AndroidStudioProjects\NovaGrab\app\src\main\java\com\aeliavision\novagrab\feature\downloader\engine\HttpRangeDownloader.kt, C:\Users\WTS-PC\AndroidStudioProjects\NovaGrab\app\src\main\java\com\aeliavision\novagrab\feature\downloader\engine\RetryPolicy.kt, C:\Users\WTS-PC\AndroidStudioProjects\NovaGrab\app\src\main\java\com\aeliavision\novagrab\feature\downloader\notification\DownloadNotificationManager.kt, C:\Users\WTS-PC\AndroidStudioProjects\NovaGrab\app\src\main\java\com\aeliavision\novagrab\feature\downloader\presentation\DownloadEffect.kt, C:\Users\WTS-PC\AndroidStudioProjects\NovaGrab\app\src\main\java\com\aeliavision\novagrab\feature\downloader\presentation\DownloadIntent.kt, C:\Users\WTS-PC\AndroidStudioProjects\NovaGrab\app\src\main\java\com\aeliavision\novagrab\feature\downloader\presentation\DownloadState.kt, C:\Users\WTS-PC\AndroidStudioProjects\NovaGrab\app\src\main\java\com\aeliavision\novagrab\feature\downloader\presentation\DownloadViewModel.kt, C:\Users\WTS-PC\AndroidStudioProjects\NovaGrab\app\src\main\java\com\aeliavision\novagrab\feature\downloader\presentation\screen\DownloadHistoryScreen.kt, C:\Users\WTS-PC\AndroidStudioProjects\NovaGrab\app\src\main\java\com\aeliavision\novagrab\feature\downloader\presentation\screen\DownloadQueueScreen.kt, C:\Users\WTS-PC\AndroidStudioProjects\NovaGrab\app\src\main\java\com\aeliavision\novagrab\feature\downloader\repository\DownloadRepository.kt, C:\Users\WTS-PC\AndroidStudioProjects\NovaGrab\app\src\main\java\com\aeliavision\novagrab\feature\downloader\repository\DownloadRepositoryImpl.kt, C:\Users\WTS-PC\AndroidStudioProjects\NovaGrab\app\src\main\java\com\aeliavision\novagrab\feature\downloader\scheduler\DownloadScheduler.kt, C:\Users\WTS-PC\AndroidStudioProjects\NovaGrab\app\src\main\java\com\aeliavision\novagrab\feature\downloader\service\DownloadForegroundService.kt, C:\Users\WTS-PC\AndroidStudioProjects\NovaGrab\app\src\main\java\com\aeliavision\novagrab\feature\downloader\worker\DownloadWorker.kt, C:\Users\WTS-PC\AndroidStudioProjects\NovaGrab\app\src\main\java\com\aeliavision\novagrab\feature\player\presentation\PlayerState.kt, C:\Users\WTS-PC\AndroidStudioProjects\NovaGrab\app\src\main\java\com\aeliavision\novagrab\feature\player\presentation\PlayerViewModel.kt, C:\Users\WTS-PC\AndroidStudioProjects\NovaGrab\app\src\main\java\com\aeliavision\novagrab\feature\player\presentation\screen\PlayerScreen.kt, C:\Users\WTS-PC\AndroidStudioProjects\NovaGrab\app\src\main\java\com\aeliavision\novagrab\feature\settings\presentation\screen\SettingsScreen.kt, C:\Users\WTS-PC\AndroidStudioProjects\NovaGrab\app\src\main\java\com\aeliavision\novagrab\feature\settings\presentation\SettingsViewModel.kt, C:\Users\WTS-PC\AndroidStudioProjects\NovaGrab\app\src\main\java\com\aeliavision\novagrab\MainActivity.kt, C:\Users\WTS-PC\AndroidStudioProjects\NovaGrab\app\src\main\java\com\aeliavision\novagrab\ui\theme\Color.kt, C:\Users\WTS-PC\AndroidStudioProjects\NovaGrab\app\src\main\java\com\aeliavision\novagrab\ui\theme\Theme.kt, C:\Users\WTS-PC\AndroidStudioProjects\NovaGrab\app\src\main\java\com\aeliavision\novagrab\ui\theme\Type.kt, C:\Users\WTS-PC\AndroidStudioProjects\NovaGrab\app\build\generated\ksp\debug\kotlin\com\aeliavision\novagrab\core\database\AppDatabase_Impl.kt, C:\Users\WTS-PC\AndroidStudioProjects\NovaGrab\app\build\generated\ksp\debug\kotlin\com\aeliavision\novagrab\feature\browser\data\dao\BookmarkDao_Impl.kt, C:\Users\WTS-PC\AndroidStudioProjects\NovaGrab\app\build\generated\ksp\debug\kotlin\com\aeliavision\novagrab\feature\browser\data\dao\BrowserHistoryDao_Impl.kt, C:\Users\WTS-PC\AndroidStudioProjects\NovaGrab\app\build\generated\ksp\debug\kotlin\com\aeliavision\novagrab\feature\detection\data\dao\DetectedVideoDao_Impl.kt, C:\Users\WTS-PC\AndroidStudioProjects\NovaGrab\app\build\generated\ksp\debug\kotlin\com\aeliavision\novagrab\feature\downloader\data\dao\DownloadTaskDao_Impl.kt
Java source files: C:\Users\WTS-PC\AndroidStudioProjects\NovaGrab\app\build\generated\source\buildConfig\debug\com\aeliavision\novagrab\BuildConfig.java, C:\Users\WTS-PC\AndroidStudioProjects\NovaGrab\app\build\generated\ksp\debug\java\com\aeliavision\novagrab\App_GeneratedInjector.java, C:\Users\WTS-PC\AndroidStudioProjects\NovaGrab\app\build\generated\ksp\debug\java\com\aeliavision\novagrab\core\di\AppModule_ProvideApplicationScopeFactory.java, C:\Users\WTS-PC\AndroidStudioProjects\NovaGrab\app\build\generated\ksp\debug\java\com\aeliavision\novagrab\core\di\DatabaseModule_ProvideAppDatabaseFactory.java, C:\Users\WTS-PC\AndroidStudioProjects\NovaGrab\app\build\generated\ksp\debug\java\com\aeliavision\novagrab\core\di\DatabaseModule_ProvideBookmarkDaoFactory.java, C:\Users\WTS-PC\AndroidStudioProjects\NovaGrab\app\build\generated\ksp\debug\java\com\aeliavision\novagrab\core\di\DatabaseModule_ProvideBrowserHistoryDaoFactory.java, C:\Users\WTS-PC\AndroidStudioProjects\NovaGrab\app\build\generated\ksp\debug\java\com\aeliavision\novagrab\core\di\DatabaseModule_ProvideDetectedVideoDaoFactory.java, C:\Users\WTS-PC\AndroidStudioProjects\NovaGrab\app\build\generated\ksp\debug\java\com\aeliavision\novagrab\core\di\DatabaseModule_ProvideDownloadTaskDaoFactory.java, C:\Users\WTS-PC\AndroidStudioProjects\NovaGrab\app\build\generated\ksp\debug\java\com\aeliavision\novagrab\core\di\NetworkModule_ProvideLoggingInterceptorFactory.java, C:\Users\WTS-PC\AndroidStudioProjects\NovaGrab\app\build\generated\ksp\debug\java\com\aeliavision\novagrab\core\di\NetworkModule_ProvideNetworkMonitorFactory.java, C:\Users\WTS-PC\AndroidStudioProjects\NovaGrab\app\build\generated\ksp\debug\java\com\aeliavision\novagrab\core\di\NetworkModule_ProvideOkHttpClientFactory.java, C:\Users\WTS-PC\AndroidStudioProjects\NovaGrab\app\build\generated\ksp\debug\java\com\aeliavision\novagrab\core\di\NetworkModule_ProvideRangeRequestInterceptorFactory.java, C:\Users\WTS-PC\AndroidStudioProjects\NovaGrab\app\build\generated\ksp\debug\java\com\aeliavision\novagrab\core\di\NetworkModule_ProvideUserAgentInterceptorFactory.java, C:\Users\WTS-PC\AndroidStudioProjects\NovaGrab\app\build\generated\ksp\debug\java\com\aeliavision\novagrab\core\di\StorageModule_ProvideMediaStoreHelperFactory.java, C:\Users\WTS-PC\AndroidStudioProjects\NovaGrab\app\build\generated\ksp\debug\java\com\aeliavision\novagrab\core\di\StorageModule_ProvideStorageManagerFactory.java, C:\Users\WTS-PC\AndroidStudioProjects\NovaGrab\app\build\generated\ksp\debug\java\com\aeliavision\novagrab\core\network\NetworkMonitor_Factory.java, C:\Users\WTS-PC\AndroidStudioProjects\NovaGrab\app\build\generated\ksp\debug\java\com\aeliavision\novagrab\core\preferences\AppPreferences_Factory.java, C:\Users\WTS-PC\AndroidStudioProjects\NovaGrab\app\build\generated\ksp\debug\java\com\aeliavision\novagrab\core\storage\MediaStoreHelper_Factory.java, C:\Users\WTS-PC\AndroidStudioProjects\NovaGrab\app\build\generated\ksp\debug\java\com\aeliavision\novagrab\core\storage\StorageManager_Factory.java, C:\Users\WTS-PC\AndroidStudioProjects\NovaGrab\app\build\generated\ksp\debug\java\com\aeliavision\novagrab\feature\browser\presentation\BrowserViewModel_Factory.java, C:\Users\WTS-PC\AndroidStudioProjects\NovaGrab\app\build\generated\ksp\debug\java\com\aeliavision\novagrab\feature\browser\presentation\BrowserViewModel_HiltModules.java, C:\Users\WTS-PC\AndroidStudioProjects\NovaGrab\app\build\generated\ksp\debug\java\com\aeliavision\novagrab\feature\browser\presentation\BrowserViewModel_HiltModules_BindsModule_Binds_LazyMapKey.java, C:\Users\WTS-PC\AndroidStudioProjects\NovaGrab\app\build\generated\ksp\debug\java\com\aeliavision\novagrab\feature\browser\presentation\BrowserViewModel_HiltModules_KeyModule_ProvideFactory.java, C:\Users\WTS-PC\AndroidStudioProjects\NovaGrab\app\build\generated\ksp\debug\java\com\aeliavision\novagrab\feature\browser\presentation\BrowserViewModel_HiltModules_KeyModule_Provide_LazyMapKey.java, C:\Users\WTS-PC\AndroidStudioProjects\NovaGrab\app\build\generated\ksp\debug\java\com\aeliavision\novagrab\feature\browser\presentation\webview\JsBridge_Factory.java, C:\Users\WTS-PC\AndroidStudioProjects\NovaGrab\app\build\generated\ksp\debug\java\com\aeliavision\novagrab\feature\browser\presentation\webview\JsInjector_Factory.java, C:\Users\WTS-PC\AndroidStudioProjects\NovaGrab\app\build\generated\ksp\debug\java\com\aeliavision\novagrab\feature\browser\presentation\webview\SmartWebChromeClient_Factory_Factory.java, C:\Users\WTS-PC\AndroidStudioProjects\NovaGrab\app\build\generated\ksp\debug\java\com\aeliavision\novagrab\feature\browser\presentation\webview\SmartWebViewClient_Factory_Factory.java, C:\Users\WTS-PC\AndroidStudioProjects\NovaGrab\app\build\generated\ksp\debug\java\com\aeliavision\novagrab\feature\browser\presentation\webview\WebViewPool_Factory.java, C:\Users\WTS-PC\AndroidStudioProjects\NovaGrab\app\build\generated\ksp\debug\java\com\aeliavision\novagrab\feature\detection\engine\BlobUrlResolver_Factory.java, C:\Users\WTS-PC\AndroidStudioProjects\NovaGrab\app\build\generated\ksp\debug\java\com\aeliavision\novagrab\feature\detection\engine\DetectionEngine_Factory.java, C:\Users\WTS-PC\AndroidStudioProjects\NovaGrab\app\build\generated\ksp\debug\java\com\aeliavision\novagrab\feature\detection\engine\HlsManifestDetector_Factory.java, C:\Users\WTS-PC\AndroidStudioProjects\NovaGrab\app\build\generated\ksp\debug\java\com\aeliavision\novagrab\feature\detection\engine\JsInjectionDetector_Factory.java, C:\Users\WTS-PC\AndroidStudioProjects\NovaGrab\app\build\generated\ksp\debug\java\com\aeliavision\novagrab\feature\detection\engine\NetworkInterceptorDetector_Factory.java, C:\Users\WTS-PC\AndroidStudioProjects\NovaGrab\app\build\generated\ksp\debug\java\com\aeliavision\novagrab\feature\detection\engine\VideoUrlFilter_Factory.java, C:\Users\WTS-PC\AndroidStudioProjects\NovaGrab\app\build\generated\ksp\debug\java\com\aeliavision\novagrab\feature\detection\presentation\DetectionViewModel_Factory.java, C:\Users\WTS-PC\AndroidStudioProjects\NovaGrab\app\build\generated\ksp\debug\java\com\aeliavision\novagrab\feature\detection\presentation\DetectionViewModel_HiltModules.java, C:\Users\WTS-PC\AndroidStudioProjects\NovaGrab\app\build\generated\ksp\debug\java\com\aeliavision\novagrab\feature\detection\presentation\DetectionViewModel_HiltModules_BindsModule_Binds_LazyMapKey.java, C:\Users\WTS-PC\AndroidStudioProjects\NovaGrab\app\build\generated\ksp\debug\java\com\aeliavision\novagrab\feature\detection\presentation\DetectionViewModel_HiltModules_KeyModule_ProvideFactory.java, C:\Users\WTS-PC\AndroidStudioProjects\NovaGrab\app\build\generated\ksp\debug\java\com\aeliavision\novagrab\feature\detection\presentation\DetectionViewModel_HiltModules_KeyModule_Provide_LazyMapKey.java, C:\Users\WTS-PC\AndroidStudioProjects\NovaGrab\app\build\generated\ksp\debug\java\com\aeliavision\novagrab\feature\downloader\domain\usecase\EnqueueDownloadUseCase_Factory.java, C:\Users\WTS-PC\AndroidStudioProjects\NovaGrab\app\build\generated\ksp\debug\java\com\aeliavision\novagrab\feature\downloader\engine\CheckpointManager_Factory.java, C:\Users\WTS-PC\AndroidStudioProjects\NovaGrab\app\build\generated\ksp\debug\java\com\aeliavision\novagrab\feature\downloader\engine\DownloadEngine_Factory.java, C:\Users\WTS-PC\AndroidStudioProjects\NovaGrab\app\build\generated\ksp\debug\java\com\aeliavision\novagrab\feature\downloader\engine\DownloadQueueManager_Factory.java, C:\Users\WTS-PC\AndroidStudioProjects\NovaGrab\app\build\generated\ksp\debug\java\com\aeliavision\novagrab\feature\downloader\engine\HlsDownloader_Factory.java, C:\Users\WTS-PC\AndroidStudioProjects\NovaGrab\app\build\generated\ksp\debug\java\com\aeliavision\novagrab\feature\downloader\engine\HlsManifestParser_Factory.java, C:\Users\WTS-PC\AndroidStudioProjects\NovaGrab\app\build\generated\ksp\debug\java\com\aeliavision\novagrab\feature\downloader\engine\HlsMergeWorker_Factory.java, C:\Users\WTS-PC\AndroidStudioProjects\NovaGrab\app\build\generated\ksp\debug\java\com\aeliavision\novagrab\feature\downloader\engine\HttpRangeDownloader_Factory.java, C:\Users\WTS-PC\AndroidStudioProjects\NovaGrab\app\build\generated\ksp\debug\java\com\aeliavision\novagrab\feature\downloader\engine\RetryPolicy_Factory.java, C:\Users\WTS-PC\AndroidStudioProjects\NovaGrab\app\build\generated\ksp\debug\java\com\aeliavision\novagrab\feature\downloader\notification\DownloadNotificationManager_Factory.java, C:\Users\WTS-PC\AndroidStudioProjects\NovaGrab\app\build\generated\ksp\debug\java\com\aeliavision\novagrab\feature\downloader\presentation\DownloadViewModel_Factory.java, C:\Users\WTS-PC\AndroidStudioProjects\NovaGrab\app\build\generated\ksp\debug\java\com\aeliavision\novagrab\feature\downloader\presentation\DownloadViewModel_HiltModules.java, C:\Users\WTS-PC\AndroidStudioProjects\NovaGrab\app\build\generated\ksp\debug\java\com\aeliavision\novagrab\feature\downloader\presentation\DownloadViewModel_HiltModules_BindsModule_Binds_LazyMapKey.java, C:\Users\WTS-PC\AndroidStudioProjects\NovaGrab\app\build\generated\ksp\debug\java\com\aeliavision\novagrab\feature\downloader\presentation\DownloadViewModel_HiltModules_KeyModule_ProvideFactory.java, C:\Users\WTS-PC\AndroidStudioProjects\NovaGrab\app\build\generated\ksp\debug\java\com\aeliavision\novagrab\feature\downloader\presentation\DownloadViewModel_HiltModules_KeyModule_Provide_LazyMapKey.java, C:\Users\WTS-PC\AndroidStudioProjects\NovaGrab\app\build\generated\ksp\debug\java\com\aeliavision\novagrab\feature\downloader\repository\DownloadRepositoryImpl_Factory.java, C:\Users\WTS-PC\AndroidStudioProjects\NovaGrab\app\build\generated\ksp\debug\java\com\aeliavision\novagrab\feature\downloader\scheduler\DownloadScheduler_Factory.java, C:\Users\WTS-PC\AndroidStudioProjects\NovaGrab\app\build\generated\ksp\debug\java\com\aeliavision\novagrab\feature\downloader\service\DownloadForegroundService_GeneratedInjector.java, C:\Users\WTS-PC\AndroidStudioProjects\NovaGrab\app\build\generated\ksp\debug\java\com\aeliavision\novagrab\feature\downloader\service\DownloadForegroundService_MembersInjector.java, C:\Users\WTS-PC\AndroidStudioProjects\NovaGrab\app\build\generated\ksp\debug\java\com\aeliavision\novagrab\feature\downloader\service\Hilt_DownloadForegroundService.java, C:\Users\WTS-PC\AndroidStudioProjects\NovaGrab\app\build\generated\ksp\debug\java\com\aeliavision\novagrab\feature\downloader\worker\DownloadWorker_AssistedFactory.java, C:\Users\WTS-PC\AndroidStudioProjects\NovaGrab\app\build\generated\ksp\debug\java\com\aeliavision\novagrab\feature\downloader\worker\DownloadWorker_AssistedFactory_Impl.java, C:\Users\WTS-PC\AndroidStudioProjects\NovaGrab\app\build\generated\ksp\debug\java\com\aeliavision\novagrab\feature\downloader\worker\DownloadWorker_Factory.java, C:\Users\WTS-PC\AndroidStudioProjects\NovaGrab\app\build\generated\ksp\debug\java\com\aeliavision\novagrab\feature\downloader\worker\DownloadWorker_HiltModule.java, C:\Users\WTS-PC\AndroidStudioProjects\NovaGrab\app\build\generated\ksp\debug\java\com\aeliavision\novagrab\feature\player\presentation\PlayerViewModel_Factory.java, C:\Users\WTS-PC\AndroidStudioProjects\NovaGrab\app\build\generated\ksp\debug\java\com\aeliavision\novagrab\feature\player\presentation\PlayerViewModel_HiltModules.java, C:\Users\WTS-PC\AndroidStudioProjects\NovaGrab\app\build\generated\ksp\debug\java\com\aeliavision\novagrab\feature\player\presentation\PlayerViewModel_HiltModules_BindsModule_Binds_LazyMapKey.java, C:\Users\WTS-PC\AndroidStudioProjects\NovaGrab\app\build\generated\ksp\debug\java\com\aeliavision\novagrab\feature\player\presentation\PlayerViewModel_HiltModules_KeyModule_ProvideFactory.java, C:\Users\WTS-PC\AndroidStudioProjects\NovaGrab\app\build\generated\ksp\debug\java\com\aeliavision\novagrab\feature\player\presentation\PlayerViewModel_HiltModules_KeyModule_Provide_LazyMapKey.java, C:\Users\WTS-PC\AndroidStudioProjects\NovaGrab\app\build\generated\ksp\debug\java\com\aeliavision\novagrab\feature\settings\presentation\SettingsViewModel_Factory.java, C:\Users\WTS-PC\AndroidStudioProjects\NovaGrab\app\build\generated\ksp\debug\java\com\aeliavision\novagrab\feature\settings\presentation\SettingsViewModel_HiltModules.java, C:\Users\WTS-PC\AndroidStudioProjects\NovaGrab\app\build\generated\ksp\debug\java\com\aeliavision\novagrab\feature\settings\presentation\SettingsViewModel_HiltModules_BindsModule_Binds_LazyMapKey.java, C:\Users\WTS-PC\AndroidStudioProjects\NovaGrab\app\build\generated\ksp\debug\java\com\aeliavision\novagrab\feature\settings\presentation\SettingsViewModel_HiltModules_KeyModule_ProvideFactory.java, C:\Users\WTS-PC\AndroidStudioProjects\NovaGrab\app\build\generated\ksp\debug\java\com\aeliavision\novagrab\feature\settings\presentation\SettingsViewModel_HiltModules_KeyModule_Provide_LazyMapKey.java, C:\Users\WTS-PC\AndroidStudioProjects\NovaGrab\app\build\generated\ksp\debug\java\com\aeliavision\novagrab\Hilt_MainActivity.java, C:\Users\WTS-PC\AndroidStudioProjects\NovaGrab\app\build\generated\ksp\debug\java\com\aeliavision\novagrab\MainActivity_GeneratedInjector.java, C:\Users\WTS-PC\AndroidStudioProjects\NovaGrab\app\build\generated\ksp\debug\java\dagger\hilt\internal\aggregatedroot\codegen\_com_aeliavision_novagrab_App.java, C:\Users\WTS-PC\AndroidStudioProjects\NovaGrab\app\build\generated\ksp\debug\java\hilt_aggregated_deps\_com_aeliavision_novagrab_App_GeneratedInjector.java, C:\Users\WTS-PC\AndroidStudioProjects\NovaGrab\app\build\generated\ksp\debug\java\hilt_aggregated_deps\_com_aeliavision_novagrab_core_di_AppModule.java, C:\Users\WTS-PC\AndroidStudioProjects\NovaGrab\app\build\generated\ksp\debug\java\hilt_aggregated_deps\_com_aeliavision_novagrab_core_di_DatabaseModule.java, C:\Users\WTS-PC\AndroidStudioProjects\NovaGrab\app\build\generated\ksp\debug\java\hilt_aggregated_deps\_com_aeliavision_novagrab_core_di_DownloadModule.java, C:\Users\WTS-PC\AndroidStudioProjects\NovaGrab\app\build\generated\ksp\debug\java\hilt_aggregated_deps\_com_aeliavision_novagrab_core_di_NetworkModule.java, C:\Users\WTS-PC\AndroidStudioProjects\NovaGrab\app\build\generated\ksp\debug\java\hilt_aggregated_deps\_com_aeliavision_novagrab_core_di_StorageModule.java, C:\Users\WTS-PC\AndroidStudioProjects\NovaGrab\app\build\generated\ksp\debug\java\hilt_aggregated_deps\_com_aeliavision_novagrab_feature_browser_presentation_BrowserViewModel_HiltModules_BindsModule.java, C:\Users\WTS-PC\AndroidStudioProjects\NovaGrab\app\build\generated\ksp\debug\java\hilt_aggregated_deps\_com_aeliavision_novagrab_feature_browser_presentation_BrowserViewModel_HiltModules_KeyModule.java, C:\Users\WTS-PC\AndroidStudioProjects\NovaGrab\app\build\generated\ksp\debug\java\hilt_aggregated_deps\_com_aeliavision_novagrab_feature_detection_presentation_DetectionViewModel_HiltModules_BindsModule.java, C:\Users\WTS-PC\AndroidStudioProjects\NovaGrab\app\build\generated\ksp\debug\java\hilt_aggregated_deps\_com_aeliavision_novagrab_feature_detection_presentation_DetectionViewModel_HiltModules_KeyModule.java, C:\Users\WTS-PC\AndroidStudioProjects\NovaGrab\app\build\generated\ksp\debug\java\hilt_aggregated_deps\_com_aeliavision_novagrab_feature_downloader_di_DownloaderModule.java, C:\Users\WTS-PC\AndroidStudioProjects\NovaGrab\app\build\generated\ksp\debug\java\hilt_aggregated_deps\_com_aeliavision_novagrab_feature_downloader_presentation_DownloadViewModel_HiltModules_BindsModule.java, C:\Users\WTS-PC\AndroidStudioProjects\NovaGrab\app\build\generated\ksp\debug\java\hilt_aggregated_deps\_com_aeliavision_novagrab_feature_downloader_presentation_DownloadViewModel_HiltModules_KeyModule.java, C:\Users\WTS-PC\AndroidStudioProjects\NovaGrab\app\build\generated\ksp\debug\java\hilt_aggregated_deps\_com_aeliavision_novagrab_feature_downloader_service_DownloadForegroundService_GeneratedInjector.java, C:\Users\WTS-PC\AndroidStudioProjects\NovaGrab\app\build\generated\ksp\debug\java\hilt_aggregated_deps\_com_aeliavision_novagrab_feature_downloader_worker_DownloadWorker_HiltModule.java, C:\Users\WTS-PC\AndroidStudioProjects\NovaGrab\app\build\generated\ksp\debug\java\hilt_aggregated_deps\_com_aeliavision_novagrab_feature_player_presentation_PlayerViewModel_HiltModules_BindsModule.java, C:\Users\WTS-PC\AndroidStudioProjects\NovaGrab\app\build\generated\ksp\debug\java\hilt_aggregated_deps\_com_aeliavision_novagrab_feature_player_presentation_PlayerViewModel_HiltModules_KeyModule.java, C:\Users\WTS-PC\AndroidStudioProjects\NovaGrab\app\build\generated\ksp\debug\java\hilt_aggregated_deps\_com_aeliavision_novagrab_feature_settings_presentation_SettingsViewModel_HiltModules_BindsModule.java, C:\Users\WTS-PC\AndroidStudioProjects\NovaGrab\app\build\generated\ksp\debug\java\hilt_aggregated_deps\_com_aeliavision_novagrab_feature_settings_presentation_SettingsViewModel_HiltModules_KeyModule.java, C:\Users\WTS-PC\AndroidStudioProjects\NovaGrab\app\build\generated\ksp\debug\java\hilt_aggregated_deps\_com_aeliavision_novagrab_MainActivity_GeneratedInjector.java
Script source files: 
Script file extensions: 
Using Kotlin/JVM incremental compilation
[KOTLIN] Kotlin compilation 'jdkHome' argument: C:\Program Files\Android\Android Studio\jbr
i: Options for KOTLIN DAEMON: IncrementalCompilationOptions(super=CompilationOptions(compilerMode=INCREMENTAL_COMPILER, targetPlatform=JVM, reportCategories=[0], reportSeverity=2, requestedCompilationResults=[0], kotlinScriptExtensions=[], generateCompilerRefIndex=false), sourceChanges=org.jetbrains.kotlin.buildtools.api.SourcesChanges$Unknown@263ef593, classpathChanges=NotAvailableDueToMissingClasspathSnapshot, workingDir=C:\Users\WTS-PC\AndroidStudioProjects\NovaGrab\app\build\kotlin\compileDebugKotlin\cacheable, multiModuleICSettings=null, icFeatures=IncrementalCompilationFeatures(usePreciseJavaTracking=true, withAbiSnapshot=false, preciseCompilationResultsBackup=true, keepIncrementalCompilationCachesInMemory=true, enableUnsafeIncrementalCompilationForMultiplatform=false, enableMonotonousIncrementalCompileSetExpansion=true), outputFiles=[C:\Users\WTS-PC\AndroidStudioProjects\NovaGrab\app\build\intermediates\built_in_kotlinc\debug\compileDebugKotlin\classes, C:\Users\WTS-PC\AndroidStudioProjects\NovaGrab\app\build\kotlin\compileDebugKotlin\cacheable, C:\Users\WTS-PC\AndroidStudioProjects\NovaGrab\app\build\kotlin\compileDebugKotlin\local-state])
e: file:///C:/Users/WTS-PC/AndroidStudioProjects/NovaGrab/app/src/main/java/com/aeliavision/novagrab/feature/detection/presentation/DetectionViewModel.kt:25:23 Unresolved reference 'viewModelScope'.
e: file:///C:/Users/WTS-PC/AndroidStudioProjects/NovaGrab/app/src/main/java/com/aeliavision/novagrab/feature/detection/presentation/DetectionViewModel.kt:32:17 Unresolved reference 'viewModelScope'.
e: file:///C:/Users/WTS-PC/AndroidStudioProjects/NovaGrab/app/src/main/java/com/aeliavision/novagrab/feature/downloader/engine/DownloadEngine.kt:27:48 Suspension functions can only be called within coroutine body.
e: file:///C:/Users/WTS-PC/AndroidStudioProjects/NovaGrab/app/src/main/java/com/aeliavision/novagrab/feature/downloader/engine/DownloadEngine.kt:31:54 Suspension functions can only be called within coroutine body.
e: file:///C:/Users/WTS-PC/AndroidStudioProjects/NovaGrab/app/src/main/java/com/aeliavision/novagrab/feature/downloader/engine/HlsMergeWorker.kt:5:12 Unresolved reference 'arthenica'.
e: file:///C:/Users/WTS-PC/AndroidStudioProjects/NovaGrab/app/src/main/java/com/aeliavision/novagrab/feature/downloader/engine/HlsMergeWorker.kt:6:12 Unresolved reference 'arthenica'.
e: file:///C:/Users/WTS-PC/AndroidStudioProjects/NovaGrab/app/src/main/java/com/aeliavision/novagrab/feature/downloader/engine/HlsMergeWorker.kt:41:23 Unresolved reference 'FFmpegKit'.
e: file:///C:/Users/WTS-PC/AndroidStudioProjects/NovaGrab/app/src/main/java/com/aeliavision/novagrab/feature/downloader/engine/HlsMergeWorker.kt:42:32 Unresolved reference 'ReturnCode'.
e: file:///C:/Users/WTS-PC/AndroidStudioProjects/NovaGrab/app/src/main/java/com/aeliavision/novagrab/feature/downloader/engine/HlsMergeWorker.kt:45:13 Unresolved reference 'FFmpegKit'.
e: file:///C:/Users/WTS-PC/AndroidStudioProjects/NovaGrab/app/src/main/java/com/aeliavision/novagrab/feature/downloader/engine/HlsMergeWorker.kt:48:32 Unresolved reference 'ReturnCode'.
e: file:///C:/Users/WTS-PC/AndroidStudioProjects/NovaGrab/app/src/main/java/com/aeliavision/novagrab/feature/downloader/engine/HlsMergeWorker.kt:48:66 Unresolved reference 'returnCode'.
e: file:///C:/Users/WTS-PC/AndroidStudioProjects/NovaGrab/app/src/main/java/com/aeliavision/novagrab/feature/downloader/engine/HlsMergeWorker.kt:56:69 Unresolved reference 'failStackTrace'.
e: file:///C:/Users/WTS-PC/AndroidStudioProjects/NovaGrab/app/src/main/java/com/aeliavision/novagrab/feature/downloader/engine/HttpRangeDownloader.kt:51:23 Unresolved reference 'index'.
e: file:///C:/Users/WTS-PC/AndroidStudioProjects/NovaGrab/app/src/main/java/com/aeliavision/novagrab/feature/downloader/engine/HttpRangeDownloader.kt:52:43 Unresolved reference 'index'.
e: file:///C:/Users/WTS-PC/AndroidStudioProjects/NovaGrab/app/src/main/java/com/aeliavision/novagrab/feature/downloader/engine/HttpRangeDownloader.kt:52:56 Unresolved reference 'downloadedBytes'.
e: file:///C:/Users/WTS-PC/AndroidStudioProjects/NovaGrab/app/src/main/java/com/aeliavision/novagrab/feature/downloader/engine/HttpRangeDownloader.kt:58:30 Unresolved reference 'downloadedBytes'.
e: file:///C:/Users/WTS-PC/AndroidStudioProjects/NovaGrab/app/src/main/java/com/aeliavision/novagrab/feature/downloader/engine/HttpRangeDownloader.kt:58:51 Unresolved reference 'size'.
e: file:///C:/Users/WTS-PC/AndroidStudioProjects/NovaGrab/app/src/main/java/com/aeliavision/novagrab/feature/downloader/engine/HttpRangeDownloader.kt:65:41 Argument type mismatch: actual type is 'Any', but 'HttpRangeDownloader.ChunkRange' was expected.
e: file:///C:/Users/WTS-PC/AndroidStudioProjects/NovaGrab/app/src/main/java/com/aeliavision/novagrab/feature/downloader/engine/HttpRangeDownloader.kt:69:63 Unresolved reference 'index'.
e: file:///C:/Users/WTS-PC/AndroidStudioProjects/NovaGrab/app/src/main/java/com/aeliavision/novagrab/feature/downloader/engine/HttpRangeDownloader.kt:69:76 Unresolved reference 'downloadedBytes'.
e: file:///C:/Users/WTS-PC/AndroidStudioProjects/NovaGrab/app/src/main/java/com/aeliavision/novagrab/feature/downloader/engine/HttpRangeDownloader.kt:107:84 Unresolved reference 'index'.
e: file:///C:/Users/WTS-PC/AndroidStudioProjects/NovaGrab/app/src/main/java/com/aeliavision/novagrab/feature/downloader/presentation/DownloadViewModel.kt:26:23 Unresolved reference 'viewModelScope'.
e: file:///C:/Users/WTS-PC/AndroidStudioProjects/NovaGrab/app/src/main/java/com/aeliavision/novagrab/feature/downloader/presentation/screen/DownloadHistoryScreen.kt:27:19 No parameter with name 'items' found.
e: file:///C:/Users/WTS-PC/AndroidStudioProjects/NovaGrab/app/src/main/java/com/aeliavision/novagrab/feature/downloader/presentation/screen/DownloadHistoryScreen.kt:27:19 No value passed for parameter 'count'.
e: file:///C:/Users/WTS-PC/AndroidStudioProjects/NovaGrab/app/src/main/java/com/aeliavision/novagrab/feature/downloader/presentation/screen/DownloadHistoryScreen.kt:30:42 Unresolved reference 'fileName'.
e: file:///C:/Users/WTS-PC/AndroidStudioProjects/NovaGrab/app/src/main/java/com/aeliavision/novagrab/feature/downloader/presentation/screen/DownloadHistoryScreen.kt:31:42 Unresolved reference 'status'.
e: file:///C:/Users/WTS-PC/AndroidStudioProjects/NovaGrab/app/src/main/java/com/aeliavision/novagrab/feature/settings/presentation/SettingsViewModel.kt:30:23 Unresolved reference 'viewModelScope'.
e: file:///C:/Users/WTS-PC/AndroidStudioProjects/NovaGrab/app/src/main/java/com/aeliavision/novagrab/feature/settings/presentation/SettingsViewModel.kt:36:17 Unresolved reference 'viewModelScope'.
i: Finished executing kotlin compiler using DAEMON strategy

> Task :app:compileDebugKotlin FAILED
Resolve mutations for :app:copyRoomSchemas (Thread[#2387,included builds,5,main]) started.
:app:copyRoomSchemas (Thread[#2387,included builds,5,main]) started.

> Task :app:copyRoomSchemas NO-SOURCE
Skipping task ':app:copyRoomSchemas' as it has no source files and no previous output files.
Build 04670651-3551-42fc-8171-05a3b59338e0 is closed

FAILURE: Build failed with an exception.

* What went wrong:
Execution failed for task ':app:compileDebugKotlin'.
> A failure occurred while executing org.jetbrains.kotlin.compilerRunner.btapi.BuildToolsApiCompilationWork
   > Compilation error. See log for more details

* Try:
> Run with --debug option to get more log output.
> Run with --scan to generate a Build Scan (powered by Develocity).
> Get more help at https://help.gradle.org.

* Exception is:
org.gradle.api.tasks.TaskExecutionException: Execution failed for task ':app:compileDebugKotlin'.
	at org.gradle.api.internal.tasks.execution.ExecuteActionsTaskExecuter.lambda$executeIfValid$1(ExecuteActionsTaskExecuter.java:135)
	at org.gradle.internal.Try$Failure.ifSuccessfulOrElse(Try.java:288)
	at org.gradle.api.internal.tasks.execution.ExecuteActionsTaskExecuter.executeIfValid(ExecuteActionsTaskExecuter.java:133)
	at org.gradle.api.internal.tasks.execution.ExecuteActionsTaskExecuter.execute(ExecuteActionsTaskExecuter.java:121)
	at org.gradle.api.internal.tasks.execution.ProblemsTaskPathTrackingTaskExecuter.execute(ProblemsTaskPathTrackingTaskExecuter.java:41)
	at org.gradle.api.internal.tasks.execution.FinalizePropertiesTaskExecuter.execute(FinalizePropertiesTaskExecuter.java:46)
	at org.gradle.api.internal.tasks.execution.ResolveTaskExecutionModeExecuter.execute(ResolveTaskExecutionModeExecuter.java:51)
	at org.gradle.api.internal.tasks.execution.SkipTaskWithNoActionsExecuter.execute(SkipTaskWithNoActionsExecuter.java:57)
	at org.gradle.api.internal.tasks.execution.SkipOnlyIfTaskExecuter.execute(SkipOnlyIfTaskExecuter.java:74)
	at org.gradle.api.internal.tasks.execution.CatchExceptionTaskExecuter.execute(CatchExceptionTaskExecuter.java:36)
	at org.gradle.api.internal.tasks.execution.EventFiringTaskExecuter$1.executeTask(EventFiringTaskExecuter.java:77)
	at org.gradle.api.internal.tasks.execution.EventFiringTaskExecuter$1.call(EventFiringTaskExecuter.java:55)
	at org.gradle.api.internal.tasks.execution.EventFiringTaskExecuter$1.call(EventFiringTaskExecuter.java:52)
	at org.gradle.internal.operations.DefaultBuildOperationRunner$CallableBuildOperationWorker.execute(DefaultBuildOperationRunner.java:209)
	at org.gradle.internal.operations.DefaultBuildOperationRunner$CallableBuildOperationWorker.execute(DefaultBuildOperationRunner.java:204)
	at org.gradle.internal.operations.DefaultBuildOperationRunner$2.execute(DefaultBuildOperationRunner.java:66)
	at org.gradle.internal.operations.DefaultBuildOperationRunner$2.execute(DefaultBuildOperationRunner.java:59)
	at org.gradle.internal.operations.DefaultBuildOperationRunner.execute(DefaultBuildOperationRunner.java:166)
	at org.gradle.internal.operations.DefaultBuildOperationRunner.execute(DefaultBuildOperationRunner.java:59)
	at org.gradle.internal.operations.DefaultBuildOperationRunner.call(DefaultBuildOperationRunner.java:53)
	at org.gradle.api.internal.tasks.execution.EventFiringTaskExecuter.execute(EventFiringTaskExecuter.java:52)
	at org.gradle.execution.plan.DefaultNodeExecutor.executeLocalTaskNode(DefaultNodeExecutor.java:55)
	at org.gradle.execution.plan.DefaultNodeExecutor.execute(DefaultNodeExecutor.java:34)
	at org.gradle.execution.taskgraph.DefaultTaskExecutionGraph$InvokeNodeExecutorsAction.execute(DefaultTaskExecutionGraph.java:355)
	at org.gradle.execution.taskgraph.DefaultTaskExecutionGraph$InvokeNodeExecutorsAction.execute(DefaultTaskExecutionGraph.java:343)
	at org.gradle.execution.taskgraph.DefaultTaskExecutionGraph$BuildOperationAwareExecutionAction.lambda$execute$0(DefaultTaskExecutionGraph.java:339)
	at org.gradle.internal.operations.CurrentBuildOperationRef.with(CurrentBuildOperationRef.java:84)
	at org.gradle.execution.taskgraph.DefaultTaskExecutionGraph$BuildOperationAwareExecutionAction.execute(DefaultTaskExecutionGraph.java:339)
	at org.gradle.execution.taskgraph.DefaultTaskExecutionGraph$BuildOperationAwareExecutionAction.execute(DefaultTaskExecutionGraph.java:328)
	at org.gradle.execution.plan.DefaultPlanExecutor$ExecutorWorker.execute(DefaultPlanExecutor.java:459)
	at org.gradle.execution.plan.DefaultPlanExecutor$ExecutorWorker.run(DefaultPlanExecutor.java:376)
	at org.gradle.execution.plan.DefaultPlanExecutor.process(DefaultPlanExecutor.java:111)
	at org.gradle.execution.taskgraph.DefaultTaskExecutionGraph.executeWithServices(DefaultTaskExecutionGraph.java:146)
	at org.gradle.execution.taskgraph.DefaultTaskExecutionGraph.execute(DefaultTaskExecutionGraph.java:131)
	at org.gradle.execution.SelectedTaskExecutionAction.execute(SelectedTaskExecutionAction.java:35)
	at org.gradle.execution.BuildOperationFiringBuildWorkerExecutor$ExecuteTasks.call(BuildOperationFiringBuildWorkerExecutor.java:54)
	at org.gradle.execution.BuildOperationFiringBuildWorkerExecutor$ExecuteTasks.call(BuildOperationFiringBuildWorkerExecutor.java:43)
	at org.gradle.internal.operations.DefaultBuildOperationRunner$CallableBuildOperationWorker.execute(DefaultBuildOperationRunner.java:209)
	at org.gradle.internal.operations.DefaultBuildOperationRunner$CallableBuildOperationWorker.execute(DefaultBuildOperationRunner.java:204)
	at org.gradle.internal.operations.DefaultBuildOperationRunner$2.execute(DefaultBuildOperationRunner.java:66)
	at org.gradle.internal.operations.DefaultBuildOperationRunner$2.execute(DefaultBuildOperationRunner.java:59)
	at org.gradle.internal.operations.DefaultBuildOperationRunner.execute(DefaultBuildOperationRunner.java:166)
	at org.gradle.internal.operations.DefaultBuildOperationRunner.execute(DefaultBuildOperationRunner.java:59)
	at org.gradle.internal.operations.DefaultBuildOperationRunner.call(DefaultBuildOperationRunner.java:53)
	at org.gradle.execution.BuildOperationFiringBuildWorkerExecutor.execute(BuildOperationFiringBuildWorkerExecutor.java:40)
	at org.gradle.internal.build.DefaultBuildLifecycleController.lambda$executeTasks$10(DefaultBuildLifecycleController.java:313)
	at org.gradle.internal.model.StateTransitionController.doTransition(StateTransitionController.java:266)
	at org.gradle.internal.model.StateTransitionController.lambda$tryTransition$8(StateTransitionController.java:177)
	at org.gradle.internal.work.DefaultSynchronizer.withLock(DefaultSynchronizer.java:45)
	at org.gradle.internal.model.StateTransitionController.tryTransition(StateTransitionController.java:177)
	at org.gradle.internal.build.DefaultBuildLifecycleController.executeTasks(DefaultBuildLifecycleController.java:304)
	at org.gradle.internal.build.DefaultBuildWorkGraphController$DefaultBuildWorkGraph.runWork(DefaultBuildWorkGraphController.java:220)
	at org.gradle.internal.work.DefaultWorkerLeaseService.lambda$withLocksAcquired$0(DefaultWorkerLeaseService.java:269)
	at org.gradle.internal.work.ResourceLockStatistics$1.measure(ResourceLockStatistics.java:42)
	at org.gradle.internal.work.DefaultWorkerLeaseService.withLocksAcquired(DefaultWorkerLeaseService.java:267)
	at org.gradle.internal.work.DefaultWorkerLeaseService.withLocks(DefaultWorkerLeaseService.java:259)
	at org.gradle.internal.work.DefaultWorkerLeaseService.runAsWorkerThread(DefaultWorkerLeaseService.java:127)
	at org.gradle.composite.internal.DefaultBuildController.doRun(DefaultBuildController.java:181)
	at org.gradle.composite.internal.DefaultBuildController.access$000(DefaultBuildController.java:50)
	at org.gradle.composite.internal.DefaultBuildController$BuildOpRunnable.lambda$run$0(DefaultBuildController.java:198)
	at org.gradle.internal.operations.CurrentBuildOperationRef.with(CurrentBuildOperationRef.java:84)
	at org.gradle.composite.internal.DefaultBuildController$BuildOpRunnable.run(DefaultBuildController.java:198)
	at org.gradle.internal.concurrent.ExecutorPolicy$CatchAndRecordFailures.onExecute(ExecutorPolicy.java:64)
	at org.gradle.internal.concurrent.AbstractManagedExecutor$1.run(AbstractManagedExecutor.java:47)
Caused by: org.gradle.workers.internal.DefaultWorkerExecutor$WorkExecutionException: A failure occurred while executing org.jetbrains.kotlin.compilerRunner.btapi.BuildToolsApiCompilationWork
	at org.gradle.workers.internal.DefaultWorkerExecutor$WorkItemExecution.waitForCompletion(DefaultWorkerExecutor.java:289)
	at org.gradle.internal.work.DefaultAsyncWorkTracker.lambda$waitForItemsAndGatherFailures$2(DefaultAsyncWorkTracker.java:130)
	at org.gradle.internal.Factories$1.create(Factories.java:33)
	at org.gradle.internal.work.DefaultWorkerLeaseService.lambda$withoutLocks$2(DefaultWorkerLeaseService.java:344)
	at org.gradle.internal.work.ResourceLockStatistics$1.measure(ResourceLockStatistics.java:42)
	at org.gradle.internal.work.DefaultWorkerLeaseService.withoutLocks(DefaultWorkerLeaseService.java:342)
	at org.gradle.internal.work.DefaultWorkerLeaseService.withoutLocks(DefaultWorkerLeaseService.java:326)
	at org.gradle.internal.work.DefaultWorkerLeaseService.withoutLock(DefaultWorkerLeaseService.java:331)
	at org.gradle.internal.work.DefaultAsyncWorkTracker.waitForItemsAndGatherFailures(DefaultAsyncWorkTracker.java:126)
	at org.gradle.internal.work.DefaultAsyncWorkTracker.waitForItemsAndGatherFailures(DefaultAsyncWorkTracker.java:92)
	at org.gradle.internal.work.DefaultAsyncWorkTracker.waitForAll(DefaultAsyncWorkTracker.java:78)
	at org.gradle.internal.work.DefaultAsyncWorkTracker.waitForCompletion(DefaultAsyncWorkTracker.java:66)
	at org.gradle.api.internal.tasks.execution.TaskExecution$3.run(TaskExecution.java:260)
	at org.gradle.internal.operations.DefaultBuildOperationRunner$1.execute(DefaultBuildOperationRunner.java:29)
	at org.gradle.internal.operations.DefaultBuildOperationRunner$1.execute(DefaultBuildOperationRunner.java:26)
	at org.gradle.internal.operations.DefaultBuildOperationRunner$2.execute(DefaultBuildOperationRunner.java:66)
	at org.gradle.internal.operations.DefaultBuildOperationRunner$2.execute(DefaultBuildOperationRunner.java:59)
	at org.gradle.internal.operations.DefaultBuildOperationRunner.execute(DefaultBuildOperationRunner.java:166)
	at org.gradle.internal.operations.DefaultBuildOperationRunner.execute(DefaultBuildOperationRunner.java:59)
	at org.gradle.internal.operations.DefaultBuildOperationRunner.run(DefaultBuildOperationRunner.java:47)
	at org.gradle.api.internal.tasks.execution.TaskExecution.executeAction(TaskExecution.java:237)
	at org.gradle.api.internal.tasks.execution.TaskExecution.executeActions(TaskExecution.java:220)
	at org.gradle.api.internal.tasks.execution.TaskExecution.executeWithPreviousOutputFiles(TaskExecution.java:203)
	at org.gradle.api.internal.tasks.execution.TaskExecution.execute(TaskExecution.java:170)
	at org.gradle.internal.execution.steps.ExecuteStep.executeInternal(ExecuteStep.java:105)
	at org.gradle.internal.execution.steps.ExecuteStep.access$000(ExecuteStep.java:44)
	at org.gradle.internal.execution.steps.ExecuteStep$1.call(ExecuteStep.java:59)
	at org.gradle.internal.execution.steps.ExecuteStep$1.call(ExecuteStep.java:56)
	at org.gradle.internal.operations.DefaultBuildOperationRunner$CallableBuildOperationWorker.execute(DefaultBuildOperationRunner.java:209)
	at org.gradle.internal.operations.DefaultBuildOperationRunner$CallableBuildOperationWorker.execute(DefaultBuildOperationRunner.java:204)
	at org.gradle.internal.operations.DefaultBuildOperationRunner$2.execute(DefaultBuildOperationRunner.java:66)
	at org.gradle.internal.operations.DefaultBuildOperationRunner$2.execute(DefaultBuildOperationRunner.java:59)
	at org.gradle.internal.operations.DefaultBuildOperationRunner.execute(DefaultBuildOperationRunner.java:166)
	at org.gradle.internal.operations.DefaultBuildOperationRunner.execute(DefaultBuildOperationRunner.java:59)
	at org.gradle.internal.operations.DefaultBuildOperationRunner.call(DefaultBuildOperationRunner.java:53)
	at org.gradle.internal.execution.steps.ExecuteStep.execute(ExecuteStep.java:56)
	at org.gradle.internal.execution.steps.ExecuteStep.execute(ExecuteStep.java:44)
	at org.gradle.internal.execution.steps.CancelExecutionStep.execute(CancelExecutionStep.java:42)
	at org.gradle.internal.execution.steps.TimeoutStep.executeWithoutTimeout(TimeoutStep.java:75)
	at org.gradle.internal.execution.steps.TimeoutStep.execute(TimeoutStep.java:55)
	at org.gradle.internal.execution.steps.PreCreateOutputParentsStep.execute(PreCreateOutputParentsStep.java:50)
	at org.gradle.internal.execution.steps.PreCreateOutputParentsStep.execute(PreCreateOutputParentsStep.java:28)
	at org.gradle.internal.execution.steps.RemovePreviousOutputsStep.execute(RemovePreviousOutputsStep.java:68)
	at org.gradle.internal.execution.steps.RemovePreviousOutputsStep.execute(RemovePreviousOutputsStep.java:38)
	at org.gradle.internal.execution.steps.BroadcastChangingOutputsStep.execute(BroadcastChangingOutputsStep.java:61)
	at org.gradle.internal.execution.steps.BroadcastChangingOutputsStep.execute(BroadcastChangingOutputsStep.java:26)
	at org.gradle.internal.execution.steps.CaptureOutputsAfterExecutionStep.execute(CaptureOutputsAfterExecutionStep.java:69)
	at org.gradle.internal.execution.steps.CaptureOutputsAfterExecutionStep.execute(CaptureOutputsAfterExecutionStep.java:46)
	at org.gradle.internal.execution.steps.ResolveInputChangesStep.execute(ResolveInputChangesStep.java:39)
	at org.gradle.internal.execution.steps.ResolveInputChangesStep.execute(ResolveInputChangesStep.java:28)
	at org.gradle.internal.execution.steps.BuildCacheStep.executeWithoutCache(BuildCacheStep.java:189)
	at org.gradle.internal.execution.steps.BuildCacheStep.lambda$execute$1(BuildCacheStep.java:75)
	at org.gradle.internal.Either$Right.fold(Either.java:176)
	at org.gradle.internal.execution.caching.CachingState.fold(CachingState.java:62)
	at org.gradle.internal.execution.steps.BuildCacheStep.execute(BuildCacheStep.java:73)
	at org.gradle.internal.execution.steps.BuildCacheStep.execute(BuildCacheStep.java:48)
	at org.gradle.internal.execution.steps.StoreExecutionStateStep.execute(StoreExecutionStateStep.java:46)
	at org.gradle.internal.execution.steps.StoreExecutionStateStep.execute(StoreExecutionStateStep.java:35)
	at org.gradle.internal.execution.steps.SkipUpToDateStep.executeBecause(SkipUpToDateStep.java:75)
	at org.gradle.internal.execution.steps.SkipUpToDateStep.lambda$execute$2(SkipUpToDateStep.java:53)
	at org.gradle.internal.execution.steps.SkipUpToDateStep.execute(SkipUpToDateStep.java:53)
	at org.gradle.internal.execution.steps.SkipUpToDateStep.execute(SkipUpToDateStep.java:35)
	at org.gradle.internal.execution.steps.legacy.MarkSnapshottingInputsFinishedStep.execute(MarkSnapshottingInputsFinishedStep.java:37)
	at org.gradle.internal.execution.steps.legacy.MarkSnapshottingInputsFinishedStep.execute(MarkSnapshottingInputsFinishedStep.java:27)
	at org.gradle.internal.execution.steps.ResolveIncrementalCachingStateStep.executeDelegate(ResolveIncrementalCachingStateStep.java:49)
	at org.gradle.internal.execution.steps.ResolveIncrementalCachingStateStep.executeDelegate(ResolveIncrementalCachingStateStep.java:27)
	at org.gradle.internal.execution.steps.AbstractResolveCachingStateStep.execute(AbstractResolveCachingStateStep.java:71)
	at org.gradle.internal.execution.steps.AbstractResolveCachingStateStep.execute(AbstractResolveCachingStateStep.java:39)
	at org.gradle.internal.execution.steps.ResolveChangesStep.execute(ResolveChangesStep.java:64)
	at org.gradle.internal.execution.steps.ResolveChangesStep.execute(ResolveChangesStep.java:35)
	at org.gradle.internal.execution.steps.ValidateStep.execute(ValidateStep.java:62)
	at org.gradle.internal.execution.steps.ValidateStep.execute(ValidateStep.java:40)
	at org.gradle.internal.execution.steps.AbstractCaptureStateBeforeExecutionStep.execute(AbstractCaptureStateBeforeExecutionStep.java:76)
	at org.gradle.internal.execution.steps.AbstractCaptureStateBeforeExecutionStep.execute(AbstractCaptureStateBeforeExecutionStep.java:45)
	at org.gradle.internal.execution.steps.AbstractSkipEmptyWorkStep.executeWithNonEmptySources(AbstractSkipEmptyWorkStep.java:136)
	at org.gradle.internal.execution.steps.AbstractSkipEmptyWorkStep.execute(AbstractSkipEmptyWorkStep.java:66)
	at org.gradle.internal.execution.steps.AbstractSkipEmptyWorkStep.execute(AbstractSkipEmptyWorkStep.java:38)
	at org.gradle.internal.execution.steps.legacy.MarkSnapshottingInputsStartedStep.execute(MarkSnapshottingInputsStartedStep.java:38)
	at org.gradle.internal.execution.steps.LoadPreviousExecutionStateStep.execute(LoadPreviousExecutionStateStep.java:36)
	at org.gradle.internal.execution.steps.LoadPreviousExecutionStateStep.execute(LoadPreviousExecutionStateStep.java:23)
	at org.gradle.internal.execution.steps.HandleStaleOutputsStep.execute(HandleStaleOutputsStep.java:75)
	at org.gradle.internal.execution.steps.HandleStaleOutputsStep.execute(HandleStaleOutputsStep.java:41)
	at org.gradle.internal.execution.steps.AssignMutableWorkspaceStep.lambda$execute$0(AssignMutableWorkspaceStep.java:35)
	at org.gradle.api.internal.tasks.execution.TaskExecution$4.withWorkspace(TaskExecution.java:297)
	at org.gradle.internal.execution.steps.AssignMutableWorkspaceStep.execute(AssignMutableWorkspaceStep.java:31)
	at org.gradle.internal.execution.steps.AssignMutableWorkspaceStep.execute(AssignMutableWorkspaceStep.java:22)
	at org.gradle.internal.execution.steps.ChoosePipelineStep.execute(ChoosePipelineStep.java:40)
	at org.gradle.internal.execution.steps.ChoosePipelineStep.execute(ChoosePipelineStep.java:23)
	at org.gradle.internal.execution.steps.ExecuteWorkBuildOperationFiringStep.lambda$execute$2(ExecuteWorkBuildOperationFiringStep.java:67)
	at org.gradle.internal.execution.steps.ExecuteWorkBuildOperationFiringStep.execute(ExecuteWorkBuildOperationFiringStep.java:67)
	at org.gradle.internal.execution.steps.ExecuteWorkBuildOperationFiringStep.execute(ExecuteWorkBuildOperationFiringStep.java:39)
	at org.gradle.internal.execution.steps.IdentityCacheStep.execute(IdentityCacheStep.java:46)
	at org.gradle.internal.execution.steps.IdentityCacheStep.execute(IdentityCacheStep.java:34)
	at org.gradle.internal.execution.steps.IdentifyStep.execute(IdentifyStep.java:44)
	at org.gradle.internal.execution.steps.IdentifyStep.execute(IdentifyStep.java:31)
	at org.gradle.internal.execution.impl.DefaultExecutionEngine$1.execute(DefaultExecutionEngine.java:64)
	at org.gradle.api.internal.tasks.execution.ExecuteActionsTaskExecuter.executeIfValid(ExecuteActionsTaskExecuter.java:132)
	... 61 more
Caused by: org.jetbrains.kotlin.gradle.tasks.CompilationErrorException: Compilation error. See log for more details
	at org.jetbrains.kotlin.gradle.tasks.TasksUtilsKt.throwExceptionIfCompilationFailed(tasksUtils.kt:21)
	at org.jetbrains.kotlin.compilerRunner.btapi.BuildToolsApiCompilationWork.execute(BuildToolsApiCompilationWork.kt:295)
	at org.gradle.workers.internal.DefaultWorkerServer.execute(DefaultWorkerServer.java:68)
	at org.gradle.workers.internal.NoIsolationWorkerFactory$1$1.create(NoIsolationWorkerFactory.java:64)
	at org.gradle.workers.internal.NoIsolationWorkerFactory$1$1.create(NoIsolationWorkerFactory.java:61)
	at org.gradle.internal.classloader.ClassLoaderUtils.executeInClassloader(ClassLoaderUtils.java:100)
	at org.gradle.workers.internal.NoIsolationWorkerFactory$1.lambda$execute$0(NoIsolationWorkerFactory.java:61)
	at org.gradle.workers.internal.AbstractWorker$1.call(AbstractWorker.java:44)
	at org.gradle.workers.internal.AbstractWorker$1.call(AbstractWorker.java:41)
	at org.gradle.internal.operations.DefaultBuildOperationRunner$CallableBuildOperationWorker.execute(DefaultBuildOperationRunner.java:209)
	at org.gradle.internal.operations.DefaultBuildOperationRunner$CallableBuildOperationWorker.execute(DefaultBuildOperationRunner.java:204)
	at org.gradle.internal.operations.DefaultBuildOperationRunner$2.execute(DefaultBuildOperationRunner.java:66)
	at org.gradle.internal.operations.DefaultBuildOperationRunner$2.execute(DefaultBuildOperationRunner.java:59)
	at org.gradle.internal.operations.DefaultBuildOperationRunner.execute(DefaultBuildOperationRunner.java:166)
	at org.gradle.internal.operations.DefaultBuildOperationRunner.execute(DefaultBuildOperationRunner.java:59)
	at org.gradle.internal.operations.DefaultBuildOperationRunner.call(DefaultBuildOperationRunner.java:53)
	at org.gradle.workers.internal.AbstractWorker.executeWrappedInBuildOperation(AbstractWorker.java:41)
	at org.gradle.workers.internal.NoIsolationWorkerFactory$1.execute(NoIsolationWorkerFactory.java:58)
	at org.gradle.workers.internal.DefaultWorkerExecutor.lambda$submitWork$0(DefaultWorkerExecutor.java:176)
	at org.gradle.internal.work.DefaultConditionalExecutionQueue$ExecutionRunner.runExecution(DefaultConditionalExecutionQueue.java:194)
	at org.gradle.internal.work.DefaultConditionalExecutionQueue$ExecutionRunner.access$700(DefaultConditionalExecutionQueue.java:127)
	at org.gradle.internal.work.DefaultConditionalExecutionQueue$ExecutionRunner$1.run(DefaultConditionalExecutionQueue.java:169)
	at org.gradle.internal.Factories$1.create(Factories.java:33)
	at org.gradle.internal.work.DefaultWorkerLeaseService.lambda$withLocksAcquired$0(DefaultWorkerLeaseService.java:269)
	at org.gradle.internal.work.ResourceLockStatistics$1.measure(ResourceLockStatistics.java:42)
	at org.gradle.internal.work.DefaultWorkerLeaseService.withLocksAcquired(DefaultWorkerLeaseService.java:267)
	at org.gradle.internal.work.DefaultWorkerLeaseService.withLocks(DefaultWorkerLeaseService.java:259)
	at org.gradle.internal.work.DefaultWorkerLeaseService.runAsWorkerThread(DefaultWorkerLeaseService.java:127)
	at org.gradle.internal.work.DefaultWorkerLeaseService.runAsWorkerThread(DefaultWorkerLeaseService.java:132)
	at org.gradle.internal.work.DefaultConditionalExecutionQueue$ExecutionRunner.runBatch(DefaultConditionalExecutionQueue.java:164)
	at org.gradle.internal.work.DefaultConditionalExecutionQueue$ExecutionRunner.run(DefaultConditionalExecutionQueue.java:133)
	... 2 more


BUILD FAILED in 36s
31 actionable tasks: 2 executed, 29 up-to-date
Watched directory hierarchies: [C:\Users\WTS-PC\AndroidStudioProjects\NovaGrab]
